2025-11-02 14:56:15 [INFO] __check__: components smoke test ok
2025-11-02 15:02:05 [INFO] __main__: 已生成示例 PDF：C:\Users\lark\Desktop\PDF自动填充工具\examples\blank_contract.pdf
2025-11-02 15:02:41 [WARNING] src.pdf_processor: [2001] 未找到关键词：身份证号： (page=0)
2025-11-02 15:02:41 [WARNING] src.pdf_processor: [2001] 关键词未定位：身份证号：
2025-11-02 15:02:41 [WARNING] src.pdf_processor: [2001] 未找到关键词：企业名称： (page=0)
2025-11-02 15:02:41 [WARNING] src.pdf_processor: [2001] 关键词未定位：企业名称：
2025-11-02 15:02:41 [WARNING] src.pdf_processor: [2003] 未产生任何绘制计划，可能全部关键词未匹配
2025-11-02 15:08:31 [INFO] __main__: 示例PDF使用中文字体：SimSun -> C:\Windows\Fonts\msyh.ttc
2025-11-02 15:08:31 [INFO] __main__: 已生成示例 PDF：C:\Users\lark\Desktop\PDF自动填充工具\examples\blank_contract.pdf
2025-11-02 15:09:48 [INFO] src.pdf_processor: 已注册中文字体：SimSun -> C:\Windows\Fonts\msyh.ttc
2025-11-02 15:16:02 [INFO] src.pdf_processor: 已注册中文字体：SimSun -> C:\Windows\Fonts\msyh.ttc
2025-11-02 15:50:21 [INFO] src.pdf_processor: 已注册中文字体：SimSun -> C:\Windows\Fonts\msyh.ttc
2025-11-02 15:50:21 [WARNING] src.pdf_processor: [2001] 未找到关键词：企业名称： (page=0)
2025-11-02 15:50:21 [WARNING] src.pdf_processor: [2001] 关键词未定位：企业名称：
2025-11-02 15:50:21 [WARNING] src.pdf_processor: [2001] 未找到关键词：身份证号: (page=0)
2025-11-02 15:50:21 [WARNING] src.pdf_processor: [2001] 关键词未定位：身份证号:
2025-11-02 15:50:21 [WARNING] src.pdf_processor: [2003] 未产生任何绘制计划，可能全部关键词未匹配
2025-11-02 15:55:35 [INFO] src.pdf_processor: 已注册中文字体：SimSun -> C:\Windows\Fonts\msyh.ttc
2025-11-02 15:55:35 [WARNING] src.pdf_processor: [2001] 未找到关键词：企业名称： (page=0)
2025-11-02 15:55:35 [WARNING] src.pdf_processor: [2001] 关键词未定位：企业名称：
2025-11-02 15:55:35 [WARNING] src.pdf_processor: [2001] 未找到关键词：身份证号: (page=0)
2025-11-02 15:55:35 [WARNING] src.pdf_processor: [2001] 关键词未定位：身份证号:
2025-11-02 15:55:35 [WARNING] src.pdf_processor: [2003] 未产生任何绘制计划，可能全部关键词未匹配
2025-11-02 16:01:22 [INFO] src.pdf_processor: 已注册中文字体：SimSun -> C:\Windows\Fonts\msyh.ttc
2025-11-02 16:01:22 [WARNING] src.pdf_processor: [2001] 未找到关键词：企业名称： (page=0)
2025-11-02 16:01:22 [WARNING] src.pdf_processor: [2001] 关键词未定位：企业名称：
2025-11-02 16:01:22 [WARNING] src.pdf_processor: [2001] 未找到关键词：身份证号: (page=0)
2025-11-02 16:01:22 [WARNING] src.pdf_processor: [2001] 关键词未定位：身份证号:
2025-11-02 16:01:22 [WARNING] src.pdf_processor: [2003] 未产生任何绘制计划，可能全部关键词未匹配
2025-11-02 16:04:57 [INFO] src.pdf_processor: 已注册中文字体：SimSun -> C:\Windows\Fonts\msyh.ttc
2025-11-02 16:04:57 [WARNING] src.pdf_processor: [2001] 未找到关键词：企业名称： (page=0)
2025-11-02 16:04:57 [WARNING] src.pdf_processor: [2001] 关键词未定位：企业名称：
2025-11-02 16:04:57 [WARNING] src.pdf_processor: [2001] 未找到关键词：身份证号: (page=0)
2025-11-02 16:04:57 [WARNING] src.pdf_processor: [2001] 关键词未定位：身份证号:
2025-11-02 16:04:57 [WARNING] src.pdf_processor: [2003] 未产生任何绘制计划，可能全部关键词未匹配
2025-11-02 16:19:32 [WARNING] src.pdf_processor: 注册字体失败：SimSun -> C:\Users\lark\Desktop\PDF自动填充工具\config\fonts\NotoSansCJKsc-Regular.otf，原因：TTF file "C:\Users\lark\Desktop\PDF自动填充工具\config\fonts\NotoSansCJKsc-Regular.otf": postscript outlines are not supported
2025-11-02 16:19:32 [INFO] src.pdf_processor: 已注册中文字体：simhei -> C:\Windows\Fonts\simhei.ttf
2025-11-02 16:19:32 [WARNING] src.pdf_processor: [2001] 未找到关键词：身份证号： (page=0)
2025-11-02 16:19:32 [WARNING] src.pdf_processor: [2001] 关键词未定位：身份证号：
2025-11-02 16:19:32 [WARNING] src.pdf_processor: [2001] 未找到关键词：企业名称： (page=0)
2025-11-02 16:19:32 [WARNING] src.pdf_processor: [2001] 关键词未定位：企业名称：
2025-11-02 16:19:32 [WARNING] src.pdf_processor: [2003] 未产生任何绘制计划，可能全部关键词未匹配
2025-11-02 16:19:48 [WARNING] src.pdf_processor: 注册字体失败：SimSun -> C:\Users\lark\Desktop\PDF自动填充工具\config\fonts\NotoSansCJKsc-Regular.otf，原因：TTF file "C:\Users\lark\Desktop\PDF自动填充工具\config\fonts\NotoSansCJKsc-Regular.otf": postscript outlines are not supported
2025-11-02 16:19:48 [INFO] src.pdf_processor: 已注册中文字体：simhei -> C:\Windows\Fonts\simhei.ttf
2025-11-02 16:19:48 [WARNING] src.pdf_processor: [2001] 未找到关键词：身份证号： (page=0)
2025-11-02 16:19:48 [WARNING] src.pdf_processor: [2001] 关键词未定位：身份证号：
2025-11-02 16:19:48 [WARNING] src.pdf_processor: [2001] 未找到关键词：企业名称： (page=0)
2025-11-02 16:19:48 [WARNING] src.pdf_processor: [2001] 关键词未定位：企业名称：
2025-11-02 16:19:48 [WARNING] src.pdf_processor: [2003] 未产生任何绘制计划，可能全部关键词未匹配
2025-11-02 16:20:46 [WARNING] src.pdf_processor: 注册字体失败：SimSun -> C:\Users\lark\Desktop\PDF自动填充工具\config\fonts\NotoSansCJKsc-Regular.otf，原因：TTF file "C:\Users\lark\Desktop\PDF自动填充工具\config\fonts\NotoSansCJKsc-Regular.otf": postscript outlines are not supported
2025-11-02 16:20:46 [INFO] src.pdf_processor: 已注册中文字体：simhei -> C:\Windows\Fonts\simhei.ttf
2025-11-02 16:20:46 [WARNING] src.pdf_processor: [2001] 未找到关键词：身份证号： (page=0)
2025-11-02 16:20:46 [WARNING] src.pdf_processor: [2001] 关键词未定位：身份证号：
2025-11-02 16:20:46 [WARNING] src.pdf_processor: [2001] 未找到关键词：企业名称： (page=0)
2025-11-02 16:20:46 [WARNING] src.pdf_processor: [2001] 关键词未定位：企业名称：
2025-11-02 16:20:46 [WARNING] src.pdf_processor: [2003] 未产生任何绘制计划，可能全部关键词未匹配
2025-11-02 16:21:41 [WARNING] src.pdf_processor: 注册字体失败：SimSun -> C:\Users\lark\Desktop\PDF自动填充工具\config\fonts\NotoSansCJKsc-Regular.otf，原因：TTF file "C:\Users\lark\Desktop\PDF自动填充工具\config\fonts\NotoSansCJKsc-Regular.otf": postscript outlines are not supported
2025-11-02 16:21:41 [INFO] src.pdf_processor: 已注册中文字体：simhei -> C:\Windows\Fonts\simhei.ttf
2025-11-02 16:21:41 [WARNING] src.pdf_processor: [2001] 未找到关键词：身份证号： (page=0)
2025-11-02 16:21:41 [WARNING] src.pdf_processor: [2001] 关键词未定位：身份证号：
2025-11-02 16:21:41 [WARNING] src.pdf_processor: [2001] 未找到关键词：企业名称： (page=0)
2025-11-02 16:21:41 [WARNING] src.pdf_processor: [2001] 关键词未定位：企业名称：
2025-11-02 16:21:41 [WARNING] src.pdf_processor: [2003] 未产生任何绘制计划，可能全部关键词未匹配
2025-11-02 16:21:53 [WARNING] src.pdf_processor: 注册字体失败：SimSun -> C:\Users\lark\Desktop\PDF自动填充工具\config\fonts\NotoSansCJKsc-Regular.otf，原因：TTF file "C:\Users\lark\Desktop\PDF自动填充工具\config\fonts\NotoSansCJKsc-Regular.otf": postscript outlines are not supported
2025-11-02 16:21:53 [INFO] src.pdf_processor: 已注册中文字体：simhei -> C:\Windows\Fonts\simhei.ttf
2025-11-02 16:21:53 [WARNING] src.pdf_processor: [2001] 未找到关键词：身份证号： (page=0)
2025-11-02 16:21:53 [WARNING] src.pdf_processor: [2001] 关键词未定位：身份证号：
2025-11-02 16:21:53 [WARNING] src.pdf_processor: [2001] 未找到关键词：企业名称： (page=0)
2025-11-02 16:21:53 [WARNING] src.pdf_processor: [2001] 关键词未定位：企业名称：
2025-11-02 16:21:53 [WARNING] src.pdf_processor: [2003] 未产生任何绘制计划，可能全部关键词未匹配
2025-11-02 16:31:01 [WARNING] src.pdf_processor: 注册字体失败：SimSun -> C:\Users\lark\Desktop\PDF自动填充工具\config\fonts\NotoSansCJKsc-Regular.otf，原因：TTF file "C:\Users\lark\Desktop\PDF自动填充工具\config\fonts\NotoSansCJKsc-Regular.otf": postscript outlines are not supported
2025-11-02 16:31:01 [INFO] src.pdf_processor: 已注册中文字体：simhei -> C:\Windows\Fonts\simhei.ttf
2025-11-02 16:31:01 [WARNING] src.pdf_processor: [2001] 未找到关键词：身份证号： (page=0)
2025-11-02 16:31:01 [WARNING] src.pdf_processor: [2001] 关键词未定位：身份证号：
2025-11-02 16:31:01 [WARNING] src.pdf_processor: [2001] 未找到关键词：企业名称： (page=0)
2025-11-02 16:31:01 [WARNING] src.pdf_processor: [2001] 关键词未定位：企业名称：
2025-11-02 16:31:01 [WARNING] src.pdf_processor: [2003] 未产生任何绘制计划，可能全部关键词未匹配
2025-11-02 16:34:13 [WARNING] src.pdf_processor: 注册字体失败：SimSun -> C:\Users\lark\Desktop\PDF自动填充工具\config\fonts\NotoSansCJKsc-Regular.otf，原因：TTF file "C:\Users\lark\Desktop\PDF自动填充工具\config\fonts\NotoSansCJKsc-Regular.otf": postscript outlines are not supported
2025-11-02 16:34:13 [INFO] src.pdf_processor: 已注册中文字体：simhei -> C:\Windows\Fonts\simhei.ttf
2025-11-02 16:34:13 [WARNING] src.pdf_processor: [2001] 未找到关键词：身份证号： (page=0)
2025-11-02 16:34:13 [WARNING] src.pdf_processor: [2001] 关键词未定位：身份证号：
2025-11-02 16:34:13 [WARNING] src.pdf_processor: [2001] 未找到关键词：企业名称： (page=0)
2025-11-02 16:34:13 [WARNING] src.pdf_processor: [2001] 关键词未定位：企业名称：
2025-11-02 16:34:13 [WARNING] src.pdf_processor: [2003] 未产生任何绘制计划，可能全部关键词未匹配
2025-11-02 16:34:13 [WARNING] src.pdf_processor: PyMuPDF 字体内嵌失败，将使用默认字体（中文可能显示为方块）：'Document' object has no attribute 'insert_font'
2025-11-02 16:39:27 [INFO] src.pdf_processor: 已注册中文字体：SimSun -> C:\Users\lark\Desktop\PDF自动填充工具\config\fonts\simhei.ttf
2025-11-02 16:39:27 [WARNING] src.pdf_processor: [2003] 未产生任何绘制计划，可能全部关键词未匹配
2025-11-02 16:39:27 [WARNING] src.pdf_processor: PyMuPDF 字体内嵌失败，将使用默认字体（中文可能显示为方块）：'Document' object has no attribute 'insert_font'
2025-11-03 09:40:42 [INFO] __main__: 未提供数据，使用默认示例：{'身份证号：': '123456789012345678', '企业名称：': '某某科技有限公司'}
2025-11-03 09:40:42 [INFO] src.pdf_processor: 已注册中文字体：SimSun -> C:\Users\lark\Desktop\PDF自动填充工具\config\fonts\simhei.ttf
2025-11-03 09:40:42 [WARNING] src.pdf_processor: [2001] 未找到关键词：身份证号： (page=0)
2025-11-03 09:40:42 [WARNING] src.pdf_processor: [2001] 关键词未定位：身份证号：
2025-11-03 09:40:42 [WARNING] src.pdf_processor: [2001] 未找到关键词：企业名称： (page=0)
2025-11-03 09:40:42 [WARNING] src.pdf_processor: [2001] 关键词未定位：企业名称：
2025-11-03 09:40:42 [WARNING] src.pdf_processor: [2003] 未产生任何绘制计划，可能全部关键词未匹配
2025-11-03 09:40:42 [WARNING] src.pdf_processor: PyMuPDF 字体内嵌失败，将使用默认字体（中文可能显示为方块）：'Document' object has no attribute 'insert_font'
2025-11-03 09:40:42 [INFO] src.pdf_processor: PyMuPDF 输出完成：C:\Users\lark\Desktop\PDF自动填充工具\output\blank_contract_20251103_094042_filled.pdf (1.1 KB)
2025-11-03 09:43:59 [INFO] __main__: 示例PDF使用中文字体：SimSun -> C:\Users\lark\Desktop\PDF自动填充工具\config\fonts\simhei.ttf
2025-11-03 09:43:59 [INFO] __main__: 已生成示例 PDF：C:\Users\lark\Desktop\PDF自动填充工具\examples\blank_contract.pdf
2025-11-03 09:44:42 [INFO] __main__: 未提供数据，使用默认示例：{'身份证号：': '123456789012345678', '企业名称：': '某某科技有限公司'}
2025-11-03 09:44:42 [INFO] src.pdf_processor: 已注册中文字体：SimSun -> C:\Users\lark\Desktop\PDF自动填充工具\config\fonts\simhei.ttf
2025-11-03 09:44:42 [WARNING] src.pdf_processor: PyMuPDF 字体内嵌失败，将使用默认字体（中文可能显示为方块）：'Document' object has no attribute 'insert_font'
2025-11-03 09:44:42 [INFO] src.pdf_processor: PyMuPDF 未能内嵌字体，回退合成路径（ReportLab + PyPDF2）
2025-11-03 09:49:27 [INFO] __main__: 未提供数据，使用默认示例：{'身份证号：': '123456789012345678', '企业名称：': '某某科技有限公司'}
2025-11-03 09:49:27 [INFO] src.pdf_processor: 已注册中文字体：SimSun -> C:\Users\lark\Desktop\PDF自动填充工具\config\fonts\simhei.ttf
2025-11-03 09:49:27 [WARNING] src.pdf_processor: PyMuPDF 字体内嵌失败，将使用默认字体（中文可能显示为方块）：'Document' object has no attribute 'insert_font'
2025-11-03 09:49:27 [INFO] src.pdf_processor: PyMuPDF 未能内嵌字体，回退合成路径（ReportLab + PyPDF2）
2025-11-03 09:53:16 [INFO] __main__: 未提供数据，使用默认示例：{'身份证号：': '123456789012345678', '企业名称：': '某某科技有限公司'}
2025-11-03 09:53:16 [INFO] src.pdf_processor: 已注册中文字体：SimSun -> C:\Users\lark\Desktop\PDF自动填充工具\config\fonts\simhei.ttf
2025-11-03 09:53:16 [WARNING] src.pdf_processor: PyMuPDF 字体内嵌失败，将使用默认字体（中文可能显示为方块）：'Document' object has no attribute 'insert_font'
2025-11-03 09:53:16 [INFO] src.pdf_processor: PyMuPDF 未能内嵌字体，回退合成路径（ReportLab + PyPDF2）
2025-11-03 09:55:23 [INFO] __main__: 未提供数据，使用默认示例：{'身份证号：': '123456789012345678', '企业名称：': '某某科技有限公司'}
2025-11-03 09:55:23 [INFO] src.pdf_processor: 已注册中文字体：SimSun -> C:\Users\lark\Desktop\PDF自动填充工具\config\fonts\simhei.ttf
2025-11-03 09:55:23 [WARNING] src.pdf_processor: PyMuPDF 字体内嵌失败，将使用默认字体（中文可能显示为方块）：'Document' object has no attribute 'insert_font'
2025-11-03 09:55:23 [INFO] src.pdf_processor: PyMuPDF 未能内嵌字体，回退合成路径（ReportLab + PyPDF2）
2025-11-03 09:58:03 [INFO] __main__: 未提供数据，使用默认示例：{'身份证号：': '123456789012345678', '企业名称：': '某某科技有限公司'}
2025-11-03 09:58:03 [INFO] src.pdf_processor: 已注册中文字体：SimSun -> C:\Users\lark\Desktop\PDF自动填充工具\config\fonts\simhei.ttf
2025-11-03 09:58:03 [WARNING] src.pdf_processor: PyMuPDF 字体内嵌失败，将使用默认字体（中文可能显示为方块）：'Document' object has no attribute 'insert_font'
2025-11-03 09:58:03 [INFO] src.pdf_processor: PyMuPDF 未能内嵌字体，回退合成路径（ReportLab + PyPDF2）
2025-11-03 09:59:34 [INFO] __main__: 未提供数据，使用默认示例：{'身份证号：': '123456789012345678', '企业名称：': '某某科技有限公司'}
2025-11-03 09:59:34 [INFO] src.pdf_processor: 已注册中文字体：SimSun -> C:\Users\lark\Desktop\PDF自动填充工具\config\fonts\simhei.ttf
2025-11-03 09:59:34 [WARNING] src.pdf_processor: PyMuPDF 字体内嵌失败，将使用默认字体（中文可能显示为方块）：'Document' object has no attribute 'insert_font'
2025-11-03 09:59:34 [INFO] src.pdf_processor: PyMuPDF 未能内嵌字体，回退合成路径（ReportLab + PyPDF2）
2025-11-03 10:01:19 [INFO] __main__: 未提供数据，使用默认示例：{'身份证号：': '123456789012345678', '企业名称：': '某某科技有限公司'}
2025-11-03 10:01:19 [INFO] src.pdf_processor: 已注册中文字体：SimSun -> C:\Users\lark\Desktop\PDF自动填充工具\config\fonts\simhei.ttf
2025-11-03 10:01:19 [WARNING] src.pdf_processor: PyMuPDF 字体内嵌失败，将使用默认字体（中文可能显示为方块）：'Document' object has no attribute 'insert_font'
2025-11-03 10:01:19 [INFO] src.pdf_processor: PyMuPDF 未能内嵌字体，回退合成路径（ReportLab + PyPDF2）
2025-11-03 10:01:37 [INFO] __main__: 未提供数据，使用默认示例：{'身份证号：': '123456789012345678', '企业名称：': '某某科技有限公司'}
2025-11-03 10:01:37 [INFO] src.pdf_processor: 已注册中文字体：SimSun -> C:\Users\lark\Desktop\PDF自动填充工具\config\fonts\simhei.ttf
2025-11-03 10:01:37 [WARNING] src.pdf_processor: PyMuPDF 字体内嵌失败，将使用默认字体（中文可能显示为方块）：'Document' object has no attribute 'insert_font'
2025-11-03 10:01:37 [INFO] src.pdf_processor: PyMuPDF 未能内嵌字体，回退合成路径（ReportLab + PyPDF2）
2025-11-03 10:03:10 [INFO] __main__: 未提供数据，使用默认示例：{'身份证号：': '123456789012345678', '企业名称：': '某某科技有限公司'}
2025-11-03 10:03:10 [INFO] src.pdf_processor: 已注册中文字体：SimSun -> C:\Users\lark\Desktop\PDF自动填充工具\config\fonts\simhei.ttf
2025-11-03 10:03:10 [WARNING] src.pdf_processor: PyMuPDF 字体内嵌失败，将使用默认字体（中文可能显示为方块）：'Document' object has no attribute 'insert_font'
2025-11-03 10:03:10 [INFO] src.pdf_processor: PyMuPDF 未能内嵌字体，回退合成路径（ReportLab + PyPDF2）
2025-11-03 10:05:56 [INFO] __main__: 未提供数据，使用默认示例：{'身份证号：': '123456789012345678', '企业名称：': '某某科技有限公司'}
2025-11-03 10:05:56 [INFO] src.pdf_processor: 已注册中文字体：SimSun -> C:\Users\lark\Desktop\PDF自动填充工具\config\fonts\simhei.ttf
2025-11-03 10:05:56 [WARNING] src.pdf_processor: PyMuPDF 字体内嵌失败，将使用默认字体（中文可能显示为方块）：'Document' object has no attribute 'insert_font'
2025-11-03 10:05:56 [INFO] src.pdf_processor: PyMuPDF 未能内嵌字体，回退合成路径（ReportLab + PyPDF2）
2025-11-03 10:07:33 [INFO] __main__: 未提供数据，使用默认示例：{'身份证号：': '123456789012345678', '企业名称：': '某某科技有限公司'}
2025-11-03 10:07:33 [INFO] src.pdf_processor: 已注册中文字体：SimSun -> C:\Users\lark\Desktop\PDF自动填充工具\config\fonts\simhei.ttf
2025-11-03 10:07:33 [WARNING] src.pdf_processor: PyMuPDF 字体内嵌失败，将使用默认字体（中文可能显示为方块）：'Document' object has no attribute 'insert_font'
2025-11-03 10:07:33 [INFO] src.pdf_processor: PyMuPDF 未能内嵌字体，回退合成路径（ReportLab + PyPDF2）
2025-11-03 10:08:42 [INFO] __main__: 未提供数据，使用默认示例：{'身份证号：': '123456789012345678', '企业名称：': '某某科技有限公司'}
2025-11-03 10:08:42 [INFO] src.pdf_processor: 已注册中文字体：SimSun -> C:\Users\lark\Desktop\PDF自动填充工具\config\fonts\simhei.ttf
2025-11-03 10:08:42 [WARNING] src.pdf_processor: PyMuPDF 字体内嵌失败，将使用默认字体（中文可能显示为方块）：'Document' object has no attribute 'insert_font'
2025-11-03 10:08:42 [INFO] src.pdf_processor: PyMuPDF 未能内嵌字体，回退合成路径（ReportLab + PyPDF2）
2025-11-03 10:10:34 [INFO] __main__: 未提供数据，使用默认示例：{'身份证号：': '123456789012345678', '企业名称：': '某某科技有限公司'}
2025-11-03 10:10:34 [INFO] src.pdf_processor: 已注册中文字体：SimSun -> C:\Users\lark\Desktop\PDF自动填充工具\config\fonts\simhei.ttf
2025-11-03 10:10:34 [WARNING] src.pdf_processor: PyMuPDF 字体内嵌失败，将使用默认字体（中文可能显示为方块）：'Document' object has no attribute 'insert_font'
2025-11-03 10:10:34 [INFO] src.pdf_processor: PyMuPDF 未能内嵌字体，回退合成路径（ReportLab + PyPDF2）
2025-11-03 10:11:51 [INFO] __main__: 未提供数据，使用默认示例：{'身份证号：': '123456789012345678', '企业名称：': '某某科技有限公司'}
2025-11-03 10:11:51 [INFO] src.pdf_processor: 已注册中文字体：SimSun -> C:\Users\lark\Desktop\PDF自动填充工具\config\fonts\simhei.ttf
2025-11-03 10:11:51 [WARNING] src.pdf_processor: PyMuPDF 字体内嵌失败，将使用默认字体（中文可能显示为方块）：'Document' object has no attribute 'insert_font'
2025-11-03 10:11:51 [INFO] src.pdf_processor: PyMuPDF 未能内嵌字体，回退合成路径（ReportLab + PyPDF2）
2025-11-03 10:13:30 [INFO] __main__: 未提供数据，使用默认示例：{'身份证号：': '123456789012345678', '企业名称：': '某某科技有限公司'}
2025-11-03 10:13:30 [INFO] src.pdf_processor: 已注册中文字体：SimSun -> C:\Users\lark\Desktop\PDF自动填充工具\config\fonts\simhei.ttf
2025-11-03 10:13:30 [WARNING] src.pdf_processor: PyMuPDF 字体内嵌失败，将使用默认字体（中文可能显示为方块）：'Document' object has no attribute 'insert_font'
2025-11-03 10:13:30 [INFO] src.pdf_processor: PyMuPDF 未能内嵌字体，回退合成路径（ReportLab + PyPDF2）
2025-11-03 10:14:47 [INFO] __main__: 未提供数据，使用默认示例：{'身份证号：': '123456789012345678', '企业名称：': '某某科技有限公司'}
2025-11-03 10:14:47 [INFO] src.pdf_processor: 已注册中文字体：SimSun -> C:\Users\lark\Desktop\PDF自动填充工具\config\fonts\simhei.ttf
2025-11-03 10:14:47 [WARNING] src.pdf_processor: PyMuPDF 字体内嵌失败，将使用默认字体（中文可能显示为方块）：'Document' object has no attribute 'insert_font'
2025-11-03 10:14:47 [INFO] src.pdf_processor: PyMuPDF 未能内嵌字体，回退合成路径（ReportLab + PyPDF2）
2025-11-03 10:15:50 [INFO] __main__: 未提供数据，使用默认示例：{'身份证号：': '123456789012345678', '企业名称：': '某某科技有限公司'}
2025-11-03 10:15:50 [INFO] src.pdf_processor: 已注册中文字体：SimSun -> C:\Users\lark\Desktop\PDF自动填充工具\config\fonts\simhei.ttf
2025-11-03 10:15:50 [WARNING] src.pdf_processor: PyMuPDF 字体内嵌失败，将使用默认字体（中文可能显示为方块）：'Document' object has no attribute 'insert_font'
2025-11-03 10:15:50 [INFO] src.pdf_processor: PyMuPDF 未能内嵌字体，回退合成路径（ReportLab + PyPDF2）
2025-11-03 10:17:09 [INFO] __main__: 未提供数据，使用默认示例：{'身份证号：': '123456789012345678', '企业名称：': '某某科技有限公司'}
2025-11-03 10:17:09 [INFO] src.pdf_processor: 已注册中文字体：SimSun -> C:\Users\lark\Desktop\PDF自动填充工具\config\fonts\simhei.ttf
2025-11-03 10:17:09 [WARNING] src.pdf_processor: PyMuPDF 字体内嵌失败，将使用默认字体（中文可能显示为方块）：'Document' object has no attribute 'insert_font'
2025-11-03 10:17:09 [INFO] src.pdf_processor: PyMuPDF 未能内嵌字体，回退合成路径（ReportLab + PyPDF2）
2025-11-03 10:18:24 [INFO] __main__: 未提供数据，使用默认示例：{'身份证号：': '123456789012345678', '企业名称：': '某某科技有限公司'}
2025-11-03 10:18:24 [INFO] src.pdf_processor: 已注册中文字体：SimSun -> C:\Users\lark\Desktop\PDF自动填充工具\config\fonts\simhei.ttf
2025-11-03 10:18:24 [WARNING] src.pdf_processor: PyMuPDF 字体内嵌失败，将使用默认字体（中文可能显示为方块）：'Document' object has no attribute 'insert_font'
2025-11-03 10:18:24 [INFO] src.pdf_processor: PyMuPDF 未能内嵌字体，回退合成路径（ReportLab + PyPDF2）
2025-11-03 10:20:19 [INFO] __main__: 未提供数据，使用默认示例：{'身份证号：': '123456789012345678', '企业名称：': '某某科技有限公司'}
2025-11-03 10:20:19 [INFO] src.pdf_processor: 已注册中文字体：SimSun -> C:\Users\lark\Desktop\PDF自动填充工具\config\fonts\simhei.ttf
2025-11-03 10:20:19 [WARNING] src.pdf_processor: PyMuPDF 字体内嵌失败，将使用默认字体（中文可能显示为方块）：'Document' object has no attribute 'insert_font'
2025-11-03 10:20:19 [INFO] src.pdf_processor: PyMuPDF 未能内嵌字体，回退合成路径（ReportLab + PyPDF2）
2025-11-03 10:21:39 [INFO] __main__: 未提供数据，使用默认示例：{'身份证号：': '123456789012345678', '企业名称：': '某某科技有限公司'}
2025-11-03 10:21:39 [INFO] src.pdf_processor: 已注册中文字体：SimSun -> C:\Users\lark\Desktop\PDF自动填充工具\config\fonts\simhei.ttf
2025-11-03 10:21:40 [WARNING] src.pdf_processor: PyMuPDF 字体内嵌失败，将使用默认字体（中文可能显示为方块）：'Document' object has no attribute 'insert_font'
2025-11-03 10:21:40 [INFO] src.pdf_processor: PyMuPDF 未能内嵌字体，回退合成路径（ReportLab + PyPDF2）
2025-11-03 10:40:09 [INFO] src.pdf_processor: 已注册中文字体：SimSun -> C:\Users\lark\Desktop\PDF自动填充工具\config\fonts\simhei.ttf
2025-11-03 10:40:09 [WARNING] src.pdf_processor: PyMuPDF 字体内嵌失败，将使用默认字体（中文可能显示为方块）：'Document' object has no attribute 'insert_font'
2025-11-03 10:40:09 [INFO] src.pdf_processor: PyMuPDF 未能内嵌字体，回退合成路径（ReportLab + PyPDF2）
2025-11-03 10:41:44 [INFO] src.pdf_processor: 已注册中文字体：SimSun -> C:\Users\lark\Desktop\PDF自动填充工具\config\fonts\simhei.ttf
2025-11-03 10:41:44 [WARNING] src.pdf_processor: PyMuPDF 字体内嵌失败，将使用默认字体（中文可能显示为方块）：'Document' object has no attribute 'insert_font'
2025-11-03 10:41:44 [INFO] src.pdf_processor: PyMuPDF 未能内嵌字体，回退合成路径（ReportLab + PyPDF2）
2025-11-03 10:55:21 [INFO] __main__: 未提供数据，使用默认示例：{'身份证号：': '123456789012345678', '企业名称：': '某某科技有限公司'}
2025-11-03 10:55:21 [INFO] src.pdf_processor: 已注册中文字体：SimSun -> C:\Users\lark\Desktop\PDF自动填充工具\config\fonts\simhei.ttf
2025-11-03 10:55:21 [INFO] src.pdf_processor: Raster 输出完成：C:\Users\lark\Desktop\PDF自动填充工具\output\blank_contract_20251103_105521_filled.pdf (13.1 KB)
2025-11-03 11:15:29 [INFO] src.pdf_processor: 已注册中文字体：SimSun -> C:\Users\lark\Desktop\PDF自动填充工具\config\fonts\simhei.ttf
2025-11-03 11:15:29 [WARNING] src.pdf_processor: PyMuPDF 字体内嵌失败，将使用默认字体（中文可能显示为方块）：'Document' object has no attribute 'insert_font'
2025-11-03 11:15:29 [INFO] src.pdf_processor: PyMuPDF 未能内嵌字体，回退合成路径（ReportLab + PyPDF2）
2025-11-03 11:15:29 [WARNING] src.pdf_processor: PyMuPDF 字体内嵌失败，将使用默认字体（中文可能显示为方块）：'Document' object has no attribute 'insert_font'
2025-11-03 11:15:29 [INFO] src.pdf_processor: PyMuPDF 未能内嵌字体，回退合成路径（ReportLab + PyPDF2）
2025-11-03 11:26:17 [INFO] __main__: 使用模板ID=bank_b 的关键词配置：config\keywords_bank_b.json
2025-11-03 11:26:17 [INFO] src.pdf_processor: 已注册中文字体：SimSun -> C:\Users\lark\Desktop\PDF自动填充工具\config\fonts\simhei.ttf
2025-11-03 11:26:17 [WARNING] src.pdf_processor: PyMuPDF 字体内嵌失败，将使用默认字体（中文可能显示为方块）：'Document' object has no attribute 'insert_font'
2025-11-03 11:26:17 [INFO] src.pdf_processor: PyMuPDF 未能内嵌字体，回退合成路径（ReportLab + PyPDF2）
2025-11-03 11:26:17 [WARNING] src.pdf_processor: PyMuPDF 字体内嵌失败，将使用默认字体（中文可能显示为方块）：'Document' object has no attribute 'insert_font'
2025-11-03 11:26:17 [INFO] src.pdf_processor: PyMuPDF 未能内嵌字体，回退合成路径（ReportLab + PyPDF2）
2025-11-03 11:28:09 [INFO] src.pdf_processor: 已注册中文字体：SimSun -> C:\Users\lark\Desktop\PDF自动填充工具\config\fonts\simhei.ttf
2025-11-03 11:28:09 [WARNING] src.pdf_processor: PyMuPDF 字体内嵌失败，将使用默认字体（中文可能显示为方块）：'Document' object has no attribute 'insert_font'
2025-11-03 11:28:09 [INFO] src.pdf_processor: PyMuPDF 未能内嵌字体，回退合成路径（ReportLab + PyPDF2）
2025-11-03 11:28:09 [WARNING] src.pdf_processor: PyMuPDF 字体内嵌失败，将使用默认字体（中文可能显示为方块）：'Document' object has no attribute 'insert_font'
2025-11-03 11:28:09 [INFO] src.pdf_processor: PyMuPDF 未能内嵌字体，回退合成路径（ReportLab + PyPDF2）
2025-11-03 11:30:23 [INFO] src.pdf_processor: 已注册中文字体：SimSun -> C:\Users\lark\Desktop\PDF自动填充工具\config\fonts\simhei.ttf
2025-11-03 11:30:23 [WARNING] src.pdf_processor: PyMuPDF 字体内嵌失败，将使用默认字体（中文可能显示为方块）：'Document' object has no attribute 'insert_font'
2025-11-03 11:30:23 [INFO] src.pdf_processor: PyMuPDF 未能内嵌字体，回退合成路径（ReportLab + PyPDF2）
2025-11-03 11:30:23 [WARNING] src.pdf_processor: PyMuPDF 字体内嵌失败，将使用默认字体（中文可能显示为方块）：'Document' object has no attribute 'insert_font'
2025-11-03 11:30:23 [INFO] src.pdf_processor: PyMuPDF 未能内嵌字体，回退合成路径（ReportLab + PyPDF2）
2025-11-03 11:43:09 [INFO] src.pdf_processor: 已注册中文字体：SimSun -> C:\Users\lark\Desktop\PDF自动填充工具\config\fonts\simhei.ttf
2025-11-03 11:43:09 [WARNING] src.pdf_processor: PyMuPDF 字体内嵌失败，将使用默认字体（中文可能显示为方块）：'Document' object has no attribute 'insert_font'
2025-11-03 11:43:09 [INFO] src.pdf_processor: PyMuPDF 未能内嵌字体，回退合成路径（ReportLab + PyPDF2）
2025-11-03 11:43:42 [INFO] src.pdf_processor: 已注册中文字体：SimSun -> C:\Users\lark\Desktop\PDF自动填充工具\config\fonts\simhei.ttf
2025-11-03 11:43:42 [WARNING] src.pdf_processor: PyMuPDF 字体内嵌失败，将使用默认字体（中文可能显示为方块）：'Document' object has no attribute 'insert_font'
2025-11-03 11:43:42 [INFO] src.pdf_processor: PyMuPDF 未能内嵌字体，回退合成路径（ReportLab + PyPDF2）
2025-11-03 11:43:42 [WARNING] src.pdf_processor: PyMuPDF 字体内嵌失败，将使用默认字体（中文可能显示为方块）：'Document' object has no attribute 'insert_font'
2025-11-03 11:43:42 [INFO] src.pdf_processor: PyMuPDF 未能内嵌字体，回退合成路径（ReportLab + PyPDF2）
2025-11-03 11:45:31 [INFO] src.pdf_processor: 已注册中文字体：SimSun -> C:\Users\lark\Desktop\PDF自动填充工具\config\fonts\simhei.ttf
2025-11-03 11:45:31 [WARNING] src.pdf_processor: PyMuPDF 字体内嵌失败，将使用默认字体（中文可能显示为方块）：'Document' object has no attribute 'insert_font'
2025-11-03 11:45:31 [INFO] src.pdf_processor: PyMuPDF 未能内嵌字体，回退合成路径（ReportLab + PyPDF2）
2025-11-03 11:45:31 [WARNING] src.pdf_processor: PyMuPDF 字体内嵌失败，将使用默认字体（中文可能显示为方块）：'Document' object has no attribute 'insert_font'
2025-11-03 11:45:31 [INFO] src.pdf_processor: PyMuPDF 未能内嵌字体，回退合成路径（ReportLab + PyPDF2）
2025-11-03 11:54:12 [INFO] __main__: 已基于文件名自动匹配模板ID=bank_b，使用配置：config\keywords_bank_b.json
2025-11-03 11:54:12 [INFO] src.pdf_processor: 已注册中文字体：SimSun -> C:\Users\lark\Desktop\PDF自动填充工具\config\fonts\simhei.ttf
2025-11-03 11:54:12 [WARNING] src.pdf_processor: PyMuPDF 字体内嵌失败，将使用默认字体（中文可能显示为方块）：'Document' object has no attribute 'insert_font'
2025-11-03 11:54:12 [INFO] src.pdf_processor: PyMuPDF 未能内嵌字体，回退合成路径（ReportLab + PyPDF2）
2025-11-03 11:55:14 [INFO] src.pdf_processor: 已注册中文字体：SimSun -> C:\Users\lark\Desktop\PDF自动填充工具\config\fonts\simhei.ttf
2025-11-03 11:55:14 [WARNING] src.pdf_processor: PyMuPDF 字体内嵌失败，将使用默认字体（中文可能显示为方块）：'Document' object has no attribute 'insert_font'
2025-11-03 11:55:14 [INFO] src.pdf_processor: PyMuPDF 未能内嵌字体，回退合成路径（ReportLab + PyPDF2）
2025-11-03 12:31:43 [INFO] src.pdf_processor: 已注册中文字体：SimSun -> C:\Users\lark\Desktop\PDF自动填充工具\config\fonts\simhei.ttf
2025-11-03 12:31:43 [WARNING] src.pdf_processor: [2001] 未找到关键词：身份证号： (page=0)
2025-11-03 12:31:43 [WARNING] src.pdf_processor: [2001] 关键词未定位：身份证号：
2025-11-03 12:31:43 [WARNING] src.pdf_processor: [2001] 未找到关键词：企业名称： (page=0)
2025-11-03 12:31:43 [WARNING] src.pdf_processor: [2001] 关键词未定位：企业名称：
2025-11-03 12:31:43 [WARNING] src.pdf_processor: [2003] 未产生任何绘制计划，可能全部关键词未匹配
2025-11-03 12:31:43 [WARNING] src.pdf_processor: PyMuPDF 字体内嵌失败，将使用默认字体（中文可能显示为方块）：'Document' object has no attribute 'insert_font'
2025-11-03 12:31:43 [INFO] src.pdf_processor: PyMuPDF 未能内嵌字体，回退合成路径（ReportLab + PyPDF2）
2025-11-03 12:35:43 [INFO] src.pdf_processor: 已注册中文字体：SimSun -> C:\Users\lark\Desktop\PDF自动填充工具\config\fonts\simhei.ttf
2025-11-03 12:35:43 [WARNING] src.pdf_processor: PyMuPDF 字体内嵌失败，将使用默认字体（中文可能显示为方块）：'Document' object has no attribute 'insert_font'
2025-11-03 12:35:43 [INFO] src.pdf_processor: PyMuPDF 未能内嵌字体，回退合成路径（ReportLab + PyPDF2）
2025-11-03 12:41:31 [INFO] src.pdf_processor: 已注册中文字体：SimSun -> C:\Users\lark\Desktop\PDF自动填充工具\config\fonts\simhei.ttf
2025-11-03 12:41:31 [WARNING] src.pdf_processor: PyMuPDF 字体内嵌失败，将使用默认字体（中文可能显示为方块）：'Document' object has no attribute 'insert_font'
2025-11-03 12:41:31 [INFO] src.pdf_processor: PyMuPDF 未能内嵌字体，回退合成路径（ReportLab + PyPDF2）
2025-11-03 12:47:01 [INFO] src.pdf_processor: 已注册中文字体：SimSun -> C:\Users\lark\Desktop\PDF自动填充工具\config\fonts\simhei.ttf
2025-11-03 12:47:01 [WARNING] src.pdf_processor: PyMuPDF 字体内嵌失败，将使用默认字体（中文可能显示为方块）：'Document' object has no attribute 'insert_font'
2025-11-03 12:47:01 [INFO] src.pdf_processor: PyMuPDF 未能内嵌字体，回退合成路径（ReportLab + PyPDF2）
2025-11-03 12:52:17 [INFO] src.pdf_processor: 已注册中文字体：SimSun -> C:\Users\lark\Desktop\PDF自动填充工具\config\fonts\simhei.ttf
2025-11-03 12:52:17 [WARNING] src.pdf_processor: PyMuPDF 字体内嵌失败，将使用默认字体（中文可能显示为方块）：'Document' object has no attribute 'insert_font'
2025-11-03 12:52:17 [INFO] src.pdf_processor: PyMuPDF 未能内嵌字体，回退合成路径（ReportLab + PyPDF2）
2025-11-03 12:52:17 [WARNING] src.pdf_processor: PyMuPDF 字体内嵌失败，将使用默认字体（中文可能显示为方块）：'Document' object has no attribute 'insert_font'
2025-11-03 12:52:17 [INFO] src.pdf_processor: PyMuPDF 未能内嵌字体，回退合成路径（ReportLab + PyPDF2）
2025-11-03 12:56:28 [INFO] src.pdf_processor: 已注册中文字体：SimSun -> C:\Users\lark\Desktop\PDF自动填充工具\config\fonts\simhei.ttf
2025-11-03 12:56:28 [WARNING] src.pdf_processor: PyMuPDF 字体内嵌失败，将使用默认字体（中文可能显示为方块）：'Document' object has no attribute 'insert_font'
2025-11-03 12:56:28 [INFO] src.pdf_processor: PyMuPDF 未能内嵌字体，回退合成路径（ReportLab + PyPDF2）
2025-11-03 12:56:28 [WARNING] src.pdf_processor: PyMuPDF 字体内嵌失败，将使用默认字体（中文可能显示为方块）：'Document' object has no attribute 'insert_font'
2025-11-03 12:56:28 [INFO] src.pdf_processor: PyMuPDF 未能内嵌字体，回退合成路径（ReportLab + PyPDF2）
2025-11-03 12:59:24 [INFO] __main__: 使用模板ID=bank_b 的关键词配置：config\keywords_bank_b.json
2025-11-03 12:59:24 [INFO] src.pdf_processor: 已注册中文字体：SimSun -> C:\Users\lark\Desktop\PDF自动填充工具\config\fonts\simhei.ttf
2025-11-03 12:59:24 [WARNING] src.pdf_processor: PyMuPDF 字体内嵌失败，将使用默认字体（中文可能显示为方块）：'Document' object has no attribute 'insert_font'
2025-11-03 12:59:24 [INFO] src.pdf_processor: PyMuPDF 未能内嵌字体，回退合成路径（ReportLab + PyPDF2）
2025-11-03 12:59:24 [WARNING] src.pdf_processor: PyMuPDF 字体内嵌失败，将使用默认字体（中文可能显示为方块）：'Document' object has no attribute 'insert_font'
2025-11-03 12:59:24 [INFO] src.pdf_processor: PyMuPDF 未能内嵌字体，回退合成路径（ReportLab + PyPDF2）
2025-11-03 13:01:17 [INFO] __main__: 未提供数据，使用默认示例：{'身份证号：': '123456789012345678', '企业名称：': '某某科技有限公司'}
2025-11-03 13:01:17 [INFO] src.pdf_processor: 已注册中文字体：SimSun -> C:\Users\lark\Desktop\PDF自动填充工具\config\fonts\simhei.ttf
2025-11-03 13:01:17 [INFO] src.pdf_processor: Raster 输出完成：C:\Users\lark\Desktop\PDF自动填充工具\output\raster_test_20251103_130117_filled.pdf (13.2 KB)
2025-11-03 13:07:16 [INFO] src.pdf_processor: 已注册中文字体：SimSun -> C:\Users\lark\Desktop\PDF自动填充工具\config\fonts\simhei.ttf
2025-11-03 13:07:16 [WARNING] src.pdf_processor: [2001] 未找到关键词：身份证号： (page=0)
2025-11-03 13:07:16 [WARNING] src.pdf_processor: [2001] 关键词未定位：身份证号：
2025-11-03 13:07:16 [WARNING] src.pdf_processor: [2001] 未找到关键词：企业名称： (page=0)
2025-11-03 13:07:16 [WARNING] src.pdf_processor: [2001] 关键词未定位：企业名称：
2025-11-03 13:07:16 [WARNING] src.pdf_processor: [2003] 未产生任何绘制计划，可能全部关键词未匹配
2025-11-03 13:07:16 [INFO] src.pdf_processor: Raster 输出完成：C:\Users\lark\Desktop\PDF自动填充工具\output\raster_x2_20251103_130716_filled.pdf (1.1 KB)
2025-11-03 13:08:16 [INFO] src.pdf_processor: 已注册中文字体：SimSun -> C:\Users\lark\Desktop\PDF自动填充工具\config\fonts\simhei.ttf
2025-11-03 13:08:16 [WARNING] src.pdf_processor: [2003] 未产生任何绘制计划，可能全部关键词未匹配
2025-11-03 13:08:16 [INFO] src.pdf_processor: Raster 输出完成：C:\Users\lark\Desktop\PDF自动填充工具\output\raster_x2_20251103_130816_filled.pdf (1.1 KB)
2025-11-03 13:11:01 [INFO] src.pdf_processor: 已注册中文字体：SimSun -> C:\Users\lark\Desktop\PDF自动填充工具\config\fonts\simhei.ttf
2025-11-03 13:11:01 [INFO] src.pdf_processor: Raster 输出完成：C:\Users\lark\Desktop\PDF自动填充工具\output\raster_x2_20251103_131101_filled.pdf (20.9 KB)
2025-11-03 16:20:45 [INFO] src.pdf_processor: 已注册中文字体：SimSun -> C:\Users\lark\Desktop\PDF自动填充工具\config\fonts\simhei.ttf
2025-11-03 16:20:45 [WARNING] src.pdf_processor: PyMuPDF 字体内嵌失败，将使用默认字体（中文可能显示为方块）：'Document' object has no attribute 'insert_font'
2025-11-03 16:20:45 [INFO] src.pdf_processor: PyMuPDF 未能内嵌字体，回退合成路径（ReportLab + PyPDF2）
2025-11-03 16:51:29 [INFO] src.pdf_processor: 已注册中文字体：SimSun -> C:\Users\lark\Desktop\PDF自动填充工具\config\fonts\simhei.ttf
2025-11-03 16:51:29 [WARNING] src.pdf_processor: PyMuPDF 字体内嵌失败，将使用默认字体（中文可能显示为方块）：'Document' object has no attribute 'insert_font'
2025-11-03 16:51:29 [INFO] src.pdf_processor: PyMuPDF 未能内嵌字体，回退合成路径（ReportLab + PyPDF2）
2025-11-03 16:58:16 [INFO] src.pdf_processor: 已注册中文字体：SimSun -> C:\Users\lark\Desktop\PDF自动填充工具\config\fonts\simhei.ttf
2025-11-03 16:58:16 [INFO] src.pdf_processor: Raster 输出完成：C:\Users\lark\Desktop\PDF自动填充工具\output\e2e_raster_20251103_165816_filled.pdf (20.9 KB)
2025-11-03 17:10:03 [INFO] __main__: 运行环境：PyMuPDF version=1.24.9, Document.insert_font=False
2025-11-03 17:10:03 [INFO] __main__: 示例PDF使用中文字体：SimSun -> C:\Users\lark\Desktop\PDF自动填充工具\config\fonts\simhei.ttf
2025-11-03 17:10:03 [INFO] __main__: 已生成示例 PDF：C:\Users\lark\Desktop\PDF自动填充工具\examples\blank_contract.pdf
2025-11-03 17:13:00 [INFO] __main__: 运行环境：PyMuPDF version=1.24.9, Document.insert_font=False
2025-11-03 17:13:00 [INFO] src.pdf_processor: 已注册中文字体：SimSun -> C:\Users\lark\Desktop\PDF自动填充工具\config\fonts\simhei.ttf
2025-11-03 17:13:00 [WARNING] src.pdf_processor: PyMuPDF 字体内嵌失败，将使用默认字体（中文可能显示为方块）：'Document' object has no attribute 'insert_font'
2025-11-03 17:13:00 [INFO] src.pdf_processor: PyMuPDF 未能内嵌字体，回退合成路径（ReportLab + PyPDF2）
2025-11-03 17:20:25 [INFO] __main__: 运行环境：PyMuPDF version=1.24.9, Document.insert_font=False
2025-11-03 17:20:25 [INFO] src.pdf_processor: 已注册中文字体：SimSun -> C:\Users\lark\Desktop\PDF自动填充工具\config\fonts\simhei.ttf
2025-11-03 17:20:25 [INFO] src.pdf_processor: Raster 输出完成：C:\Users\lark\Desktop\PDF自动填充工具\output\e2e_raster_20251103_172025_filled.pdf (20.9 KB)
2025-11-03 17:22:09 [INFO] __main__: 运行环境：PyMuPDF version=1.24.9, Document.insert_font=False
2025-11-03 17:22:09 [INFO] src.pdf_processor: 已注册中文字体：SimSun -> C:\Users\lark\Desktop\PDF自动填充工具\config\fonts\simhei.ttf
2025-11-03 17:22:09 [WARNING] src.pdf_processor: PyMuPDF 字体内嵌失败，将使用默认字体（中文可能显示为方块）：'Document' object has no attribute 'insert_font'
2025-11-03 17:22:09 [INFO] src.pdf_processor: PyMuPDF 未能内嵌字体，回退合成路径（ReportLab + PyPDF2）
2025-11-03 17:22:09 [WARNING] src.pdf_processor: PyMuPDF 字体内嵌失败，将使用默认字体（中文可能显示为方块）：'Document' object has no attribute 'insert_font'
2025-11-03 17:22:09 [INFO] src.pdf_processor: PyMuPDF 未能内嵌字体，回退合成路径（ReportLab + PyPDF2）
2025-11-03 17:25:35 [INFO] __main__: 运行环境：PyMuPDF version=1.24.9, Document.insert_font=False
2025-11-03 17:25:35 [INFO] __main__: 已基于文件名自动匹配模板ID=bank_b，使用配置：config\keywords_bank_b.json
2025-11-03 17:25:35 [INFO] src.pdf_processor: 已注册中文字体：SimSun -> C:\Users\lark\Desktop\PDF自动填充工具\config\fonts\simhei.ttf
2025-11-03 17:25:35 [WARNING] src.pdf_processor: PyMuPDF 字体内嵌失败，将使用默认字体（中文可能显示为方块）：'Document' object has no attribute 'insert_font'
2025-11-03 17:25:35 [INFO] src.pdf_processor: PyMuPDF 未能内嵌字体，回退合成路径（ReportLab + PyPDF2）
2025-11-03 17:28:31 [INFO] __main__: 运行环境：PyMuPDF version=1.24.9, Document.insert_font=False
2025-11-03 17:28:31 [INFO] src.pdf_processor: 已注册中文字体：SimSun -> C:\Users\lark\Desktop\PDF自动填充工具\config\fonts\simhei.ttf
2025-11-03 17:28:31 [WARNING] src.pdf_processor: PyMuPDF 字体内嵌失败，将使用默认字体（中文可能显示为方块）：'Document' object has no attribute 'insert_font'
2025-11-03 17:28:31 [INFO] src.pdf_processor: PyMuPDF 未能内嵌字体，回退合成路径（ReportLab + PyPDF2）
2025-11-03 17:28:31 [WARNING] src.pdf_processor: PyMuPDF 字体内嵌失败，将使用默认字体（中文可能显示为方块）：'Document' object has no attribute 'insert_font'
2025-11-03 17:28:31 [INFO] src.pdf_processor: PyMuPDF 未能内嵌字体，回退合成路径（ReportLab + PyPDF2）
2025-11-03 17:42:02 [INFO] __main__: 运行环境：PyMuPDF version=1.24.9, Document.insert_font=False
2025-11-03 17:42:02 [INFO] src.pdf_processor: 已注册中文字体：SimSun -> C:\Users\lark\Desktop\PDF自动填充工具\config\fonts\simhei.ttf
2025-11-03 17:42:02 [WARNING] src.pdf_processor: PyMuPDF 字体内嵌失败，将使用默认字体（中文可能显示为方块）：'Document' object has no attribute 'insert_font'
2025-11-03 17:42:02 [INFO] src.pdf_processor: PyMuPDF 未能内嵌字体，回退合成路径（ReportLab + PyPDF2）
2025-11-03 17:51:54 [INFO] __main__: 运行环境：PyMuPDF version=1.24.9, Document.insert_font=False
2025-11-03 17:51:54 [INFO] src.pdf_processor: 已注册中文字体：SimSun -> C:\Users\lark\Desktop\PDF自动填充工具\config\fonts\simhei.ttf
2025-11-03 17:51:54 [WARNING] src.pdf_processor: PyMuPDF 字体内嵌失败，将使用默认字体（中文可能显示为方块）：'Document' object has no attribute 'insert_font'
2025-11-03 17:51:54 [INFO] src.pdf_processor: PyMuPDF 未能内嵌字体，回退合成路径（ReportLab + PyPDF2）
2025-11-03 17:56:55 [INFO] __main__: 运行环境：PyMuPDF version=1.24.9, Document.insert_font=False
2025-11-03 17:56:55 [INFO] src.pdf_processor: 已注册中文字体：SimSun -> C:\Users\lark\Desktop\PDF自动填充工具\config\fonts\simhei.ttf
2025-11-03 17:56:55 [WARNING] src.pdf_processor: PyMuPDF 字体内嵌失败，将使用默认字体（中文可能显示为方块）：'Document' object has no attribute 'insert_font'
2025-11-03 17:56:55 [INFO] src.pdf_processor: PyMuPDF 未能内嵌字体，回退合成路径（ReportLab + PyPDF2）
2025-11-03 18:00:10 [INFO] __main__: 运行环境：PyMuPDF version=1.24.9, Document.insert_font=False
2025-11-03 18:03:22 [INFO] __main__: 运行环境：PyMuPDF version=1.24.9, Document.insert_font=False
2025-11-03 18:04:12 [INFO] __main__: 运行环境：PyMuPDF version=1.24.9, Document.insert_font=False
2025-11-03 18:04:27 [INFO] __main__: 运行环境：PyMuPDF version=1.24.9, Document.insert_font=False
2025-11-03 18:06:03 [INFO] __main__: 运行环境：PyMuPDF version=1.24.9, Document.insert_font=False
2025-11-03 18:06:03 [INFO] src.pdf_processor: 已注册中文字体：SimSun -> C:\Users\lark\Desktop\PDF自动填充工具\config\fonts\simhei.ttf
2025-11-03 18:06:03 [WARNING] src.pdf_processor: PyMuPDF 字体内嵌失败，将使用默认字体（中文可能显示为方块）：'Document' object has no attribute 'insert_font'
2025-11-03 18:06:04 [INFO] src.pdf_processor: PyMuPDF 未能内嵌字体，回退合成路径（ReportLab + PyPDF2）
2025-11-03 18:07:55 [INFO] __main__: 运行环境：PyMuPDF version=1.24.9, Document.insert_font=False
2025-11-03 18:08:47 [INFO] __main__: 运行环境：PyMuPDF version=1.24.9, Document.insert_font=False
2025-11-03 18:08:47 [INFO] src.pdf_processor: 已注册中文字体：SimSun -> C:\Users\lark\Desktop\PDF自动填充工具\config\fonts\simhei.ttf
2025-11-03 18:08:47 [WARNING] src.pdf_processor: PyMuPDF 字体内嵌失败，将使用默认字体（中文可能显示为方块）：'Document' object has no attribute 'insert_font'
2025-11-03 18:08:47 [INFO] src.pdf_processor: PyMuPDF 未能内嵌字体，回退合成路径（ReportLab + PyPDF2）
2025-11-03 18:08:47 [WARNING] src.pdf_processor: PyMuPDF 字体内嵌失败，将使用默认字体（中文可能显示为方块）：'Document' object has no attribute 'insert_font'
2025-11-03 18:08:47 [INFO] src.pdf_processor: PyMuPDF 未能内嵌字体，回退合成路径（ReportLab + PyPDF2）
2025-11-03 18:10:28 [INFO] __main__: 运行环境：PyMuPDF version=1.24.9, Document.insert_font=False
2025-11-03 18:10:28 [INFO] src.pdf_processor: 已注册中文字体：SimSun -> C:\Users\lark\Desktop\PDF自动填充工具\config\fonts\simhei.ttf
2025-11-03 18:10:28 [WARNING] src.pdf_processor: PyMuPDF 字体内嵌失败，将使用默认字体（中文可能显示为方块）：'Document' object has no attribute 'insert_font'
2025-11-03 18:10:28 [INFO] src.pdf_processor: PyMuPDF 未能内嵌字体，回退合成路径（ReportLab + PyPDF2）
2025-11-03 18:10:28 [WARNING] src.pdf_processor: PyMuPDF 字体内嵌失败，将使用默认字体（中文可能显示为方块）：'Document' object has no attribute 'insert_font'
2025-11-03 18:10:28 [INFO] src.pdf_processor: PyMuPDF 未能内嵌字体，回退合成路径（ReportLab + PyPDF2）
2025-11-03 18:19:10 [INFO] __main__: 运行环境：PyMuPDF version=1.24.9, Document.insert_font=False
2025-11-03 18:22:21 [INFO] src.pdf_processor: 已注册中文字体：SimSun -> C:\Users\lark\Desktop\PDF自动填充工具\config\fonts\simhei.ttf
2025-11-03 18:22:21 [WARNING] src.pdf_processor: PyMuPDF 字体内嵌失败，将使用默认字体（中文可能显示为方块）：'Document' object has no attribute 'insert_font'
2025-11-03 18:22:21 [INFO] src.pdf_processor: PyMuPDF 未能内嵌字体，回退合成路径（ReportLab + PyPDF2）
2025-11-03 18:23:22 [INFO] src.pdf_processor: 已注册中文字体：SimSun -> C:\Users\lark\Desktop\PDF自动填充工具\config\fonts\simhei.ttf
2025-11-03 18:23:22 [WARNING] src.pdf_processor: PyMuPDF 字体内嵌失败，将使用默认字体（中文可能显示为方块）：'Document' object has no attribute 'insert_font'
2025-11-03 18:23:22 [INFO] src.pdf_processor: PyMuPDF 未能内嵌字体，回退合成路径（ReportLab + PyPDF2）
2025-11-03 18:34:21 [INFO] src.pdf_processor: 已注册中文字体：SimSun -> C:\Users\lark\Desktop\PDF自动填充工具\config\fonts\simhei.ttf
2025-11-03 18:34:21 [WARNING] src.pdf_processor: PyMuPDF 字体内嵌失败，将使用默认字体（中文可能显示为方块）：'Document' object has no attribute 'insert_font'
2025-11-03 18:34:21 [INFO] src.pdf_processor: PyMuPDF 未能内嵌字体，回退合成路径（ReportLab + PyPDF2）
2025-11-03 18:34:42 [INFO] src.pdf_processor: 已注册中文字体：SimSun -> C:\Users\lark\Desktop\PDF自动填充工具\config\fonts\simhei.ttf
2025-11-03 18:34:42 [WARNING] src.pdf_processor: PyMuPDF 字体内嵌失败，将使用默认字体（中文可能显示为方块）：'Document' object has no attribute 'insert_font'
2025-11-03 18:34:42 [INFO] src.pdf_processor: PyMuPDF 未能内嵌字体，回退合成路径（ReportLab + PyPDF2）
2025-11-03 18:41:53 [INFO] src.pdf_processor: 已注册中文字体：SimSun -> C:\Users\lark\Desktop\PDF自动填充工具\config\fonts\simhei.ttf
2025-11-03 18:41:53 [WARNING] src.pdf_processor: PyMuPDF 字体内嵌失败，将使用默认字体（中文可能显示为方块）：'Document' object has no attribute 'insert_font'
2025-11-03 18:41:53 [INFO] src.pdf_processor: PyMuPDF 未能内嵌字体，回退合成路径（ReportLab + PyPDF2）
2025-11-03 18:41:53 [INFO] __main__: 开启贴边保护输出：C:\Users\lark\Desktop\PDF自动填充工具\output\clamp_test_20251103_184153_filled.pdf (11300 bytes)
2025-11-03 18:41:53 [WARNING] src.pdf_processor: PyMuPDF 字体内嵌失败，将使用默认字体（中文可能显示为方块）：'Document' object has no attribute 'insert_font'
2025-11-03 18:41:53 [INFO] src.pdf_processor: PyMuPDF 未能内嵌字体，回退合成路径（ReportLab + PyPDF2）
2025-11-03 18:41:53 [INFO] __main__: 关闭贴边保护输出：C:\Users\lark\Desktop\PDF自动填充工具\output\clamp_off_20251103_184153_filled.pdf (11300 bytes)
2025-11-04 08:45:38 [INFO] __main__: 运行环境：PyMuPDF version=1.24.9, Document.insert_font=False
2025-11-04 08:48:33 [INFO] src.pdf_processor: 已注册中文字体：SimSun -> C:\Users\lark\Desktop\PDF自动填充工具\config\fonts\simhei.ttf
2025-11-04 08:48:33 [INFO] src.pdf_processor: Raster 输出完成：C:\Users\lark\Desktop\PDF自动填充工具\output\blank_contract_20251104_084833_filled.pdf (6.0 KB)
2025-11-04 08:51:46 [INFO] src.pdf_processor: 已注册中文字体：SimSun -> C:\Users\lark\Desktop\PDF自动填充工具\config\fonts\simhei.ttf
2025-11-04 08:51:46 [INFO] src.pdf_processor: Raster 输出完成：C:\Users\lark\Desktop\PDF自动填充工具\output\blank_contract_20251104_085146_filled.pdf (14.1 KB)
2025-11-04 08:53:52 [INFO] src.pdf_processor: 已注册中文字体：SimSun -> C:\Users\lark\Desktop\PDF自动填充工具\config\fonts\simhei.ttf
2025-11-04 08:53:52 [WARNING] src.pdf_processor: PyMuPDF 字体内嵌失败，将使用默认字体（中文可能显示为方块）：'Document' object has no attribute 'insert_font'
2025-11-04 08:53:52 [INFO] src.pdf_processor: PyMuPDF 未能内嵌字体，回退合成路径（ReportLab + PyPDF2）
2025-11-04 09:04:30 [INFO] __main__: 运行环境：PyMuPDF version=1.24.9, Document.insert_font=False
2025-11-04 09:04:30 [INFO] __main__: 字体探测：override=C:\Users\lark\Desktop\PDF自动填充工具\config\fonts\simhei.ttf, preferred=C:\Users\lark\Desktop\PDF自动填充工具\config\fonts\simhei.ttf, candidates=['C:\\Users\\lark\\Desktop\\PDF自动填充工具\\config\\fonts\\simhei.ttf', 'C:\\Users\\lark\\Desktop\\PDF自动填充工具\\config\\fonts\\NotoSansCJKsc-Regular.otf', 'C:\\Windows\\Fonts\\simhei.ttf'], metrics=ReportLab.pdfmetrics
2025-11-04 09:05:26 [INFO] __main__: 运行环境：PyMuPDF version=1.24.9, Document.insert_font=False
2025-11-04 09:05:26 [INFO] __main__: 字体探测：override=C:\Users\lark\Desktop\PDF自动填充工具\config\fonts\simhei.ttf, preferred=C:\Users\lark\Desktop\PDF自动填充工具\config\fonts\simhei.ttf, candidates=['C:\\Users\\lark\\Desktop\\PDF自动填充工具\\config\\fonts\\simhei.ttf', 'C:\\Users\\lark\\Desktop\\PDF自动填充工具\\config\\fonts\\NotoSansCJKsc-Regular.otf', 'C:\\Windows\\Fonts\\simhei.ttf'], metrics=ReportLab.pdfmetrics
2025-11-04 09:05:26 [INFO] src.pdf_processor: 已注册中文字体：SimSun -> C:\Users\lark\Desktop\PDF自动填充工具\config\fonts\simhei.ttf
2025-11-04 09:05:26 [WARNING] src.pdf_processor: PyMuPDF 字体内嵌失败，将使用默认字体（中文可能显示为方块）：'Document' object has no attribute 'insert_font'
2025-11-04 09:05:26 [INFO] src.pdf_processor: PyMuPDF 未能内嵌字体，回退合成路径（ReportLab + PyPDF2）
2025-11-04 09:07:58 [INFO] __main__: 运行环境：PyMuPDF version=1.24.9, Document.insert_font=False
2025-11-04 09:07:58 [INFO] __main__: 字体探测：override=C:\Users\lark\Desktop\PDF自动填充工具\config\fonts\simhei.ttf, preferred=C:\Users\lark\Desktop\PDF自动填充工具\config\fonts\simhei.ttf, candidates=['C:\\Users\\lark\\Desktop\\PDF自动填充工具\\config\\fonts\\simhei.ttf', 'C:\\Users\\lark\\Desktop\\PDF自动填充工具\\config\\fonts\\NotoSansCJKsc-Regular.otf', 'C:\\Windows\\Fonts\\simhei.ttf'], metrics=ReportLab.pdfmetrics
2025-11-04 09:07:58 [INFO] src.pdf_processor: 已注册中文字体：SimSun -> C:\Users\lark\Desktop\PDF自动填充工具\config\fonts\simhei.ttf
2025-11-04 09:07:58 [INFO] src.pdf_processor: Raster 输出完成：C:\Users\lark\Desktop\PDF自动填充工具\output\raster_test_20251104_090758_filled.pdf (13.4 KB)
2025-11-04 09:10:13 [INFO] __main__: 运行环境：PyMuPDF version=1.24.9, Document.insert_font=False
2025-11-04 09:10:13 [INFO] __main__: 字体探测：override=C:\Users\lark\Desktop\PDF自动填充工具\config\fonts\simhei.ttf, preferred=C:\Users\lark\Desktop\PDF自动填充工具\config\fonts\simhei.ttf, candidates=['C:\\Users\\lark\\Desktop\\PDF自动填充工具\\config\\fonts\\simhei.ttf', 'C:\\Users\\lark\\Desktop\\PDF自动填充工具\\config\\fonts\\NotoSansCJKsc-Regular.otf', 'C:\\Windows\\Fonts\\simhei.ttf'], metrics=ReportLab.pdfmetrics
2025-11-04 09:10:13 [INFO] src.pdf_processor: 已注册中文字体：SimSun -> C:\Users\lark\Desktop\PDF自动填充工具\config\fonts\simhei.ttf
2025-11-04 09:10:13 [WARNING] src.pdf_processor: PyMuPDF 字体内嵌失败，将使用默认字体（中文可能显示为方块）：'Document' object has no attribute 'insert_font'
2025-11-04 09:10:13 [INFO] src.pdf_processor: PyMuPDF 未能内嵌字体，回退合成路径（ReportLab + PyPDF2）
2025-11-04 09:10:13 [WARNING] src.pdf_processor: PyMuPDF 字体内嵌失败，将使用默认字体（中文可能显示为方块）：'Document' object has no attribute 'insert_font'
2025-11-04 09:10:13 [INFO] src.pdf_processor: PyMuPDF 未能内嵌字体，回退合成路径（ReportLab + PyPDF2）
2025-11-04 09:12:55 [INFO] __main__: 运行环境：PyMuPDF version=1.24.9, Document.insert_font=False
2025-11-04 09:12:55 [INFO] __main__: 字体探测：override=C:\Users\lark\Desktop\PDF自动填充工具\config\fonts\simhei.ttf, preferred=C:\Users\lark\Desktop\PDF自动填充工具\config\fonts\simhei.ttf, candidates=['C:\\Users\\lark\\Desktop\\PDF自动填充工具\\config\\fonts\\simhei.ttf', 'C:\\Users\\lark\\Desktop\\PDF自动填充工具\\config\\fonts\\NotoSansCJKsc-Regular.otf', 'C:\\Windows\\Fonts\\simhei.ttf'], metrics=ReportLab.pdfmetrics
2025-11-04 09:12:55 [INFO] src.pdf_processor: 已注册中文字体：SimSun -> C:\Users\lark\Desktop\PDF自动填充工具\config\fonts\simhei.ttf
2025-11-04 09:12:55 [WARNING] src.pdf_processor: PyMuPDF 字体内嵌失败，将使用默认字体（中文可能显示为方块）：'Document' object has no attribute 'insert_font'
2025-11-04 09:12:55 [INFO] src.pdf_processor: PyMuPDF 未能内嵌字体，回退合成路径（ReportLab + PyPDF2）
2025-11-04 09:12:55 [WARNING] src.pdf_processor: PyMuPDF 字体内嵌失败，将使用默认字体（中文可能显示为方块）：'Document' object has no attribute 'insert_font'
2025-11-04 09:12:55 [INFO] src.pdf_processor: PyMuPDF 未能内嵌字体，回退合成路径（ReportLab + PyPDF2）
2025-11-04 09:15:04 [INFO] __main__: 运行环境：PyMuPDF version=1.24.9, Document.insert_font=False
2025-11-04 09:15:04 [INFO] __main__: 字体探测：override=C:\Users\lark\Desktop\PDF自动填充工具\config\fonts\simhei.ttf, preferred=C:\Users\lark\Desktop\PDF自动填充工具\config\fonts\simhei.ttf, candidates=['C:\\Users\\lark\\Desktop\\PDF自动填充工具\\config\\fonts\\simhei.ttf', 'C:\\Users\\lark\\Desktop\\PDF自动填充工具\\config\\fonts\\NotoSansCJKsc-Regular.otf', 'C:\\Windows\\Fonts\\simhei.ttf'], metrics=ReportLab.pdfmetrics
2025-11-04 09:15:04 [INFO] __main__: 已基于文件名自动匹配模板ID=bank_b，使用配置：config\keywords_bank_b.json
2025-11-04 09:15:04 [INFO] src.pdf_processor: 已注册中文字体：SimSun -> C:\Users\lark\Desktop\PDF自动填充工具\config\fonts\simhei.ttf
2025-11-04 09:15:04 [WARNING] src.pdf_processor: PyMuPDF 字体内嵌失败，将使用默认字体（中文可能显示为方块）：'Document' object has no attribute 'insert_font'
2025-11-04 09:15:04 [INFO] src.pdf_processor: PyMuPDF 未能内嵌字体，回退合成路径（ReportLab + PyPDF2）
2025-11-04 09:16:36 [INFO] __main__: 运行环境：PyMuPDF version=1.24.9, Document.insert_font=False
2025-11-04 09:16:36 [INFO] __main__: 字体探测：override=C:\Users\lark\Desktop\PDF自动填充工具\config\fonts\simhei.ttf, preferred=C:\Users\lark\Desktop\PDF自动填充工具\config\fonts\simhei.ttf, candidates=['C:\\Users\\lark\\Desktop\\PDF自动填充工具\\config\\fonts\\simhei.ttf', 'C:\\Users\\lark\\Desktop\\PDF自动填充工具\\config\\fonts\\NotoSansCJKsc-Regular.otf', 'C:\\Windows\\Fonts\\simhei.ttf'], metrics=ReportLab.pdfmetrics
2025-11-04 09:16:36 [INFO] src.pdf_processor: 已注册中文字体：SimSun -> C:\Users\lark\Desktop\PDF自动填充工具\config\fonts\simhei.ttf
2025-11-04 09:16:36 [WARNING] src.pdf_processor: PyMuPDF 字体内嵌失败，将使用默认字体（中文可能显示为方块）：'Document' object has no attribute 'insert_font'
2025-11-04 09:16:36 [INFO] src.pdf_processor: PyMuPDF 未能内嵌字体，回退合成路径（ReportLab + PyPDF2）
2025-11-04 09:19:54 [INFO] __main__: 运行环境：PyMuPDF version=1.24.9, Document.insert_font=False
2025-11-04 09:19:54 [INFO] __main__: 字体探测：override=C:\Users\lark\Desktop\PDF自动填充工具\config\fonts\simhei.ttf, preferred=C:\Users\lark\Desktop\PDF自动填充工具\config\fonts\simhei.ttf, candidates=['C:\\Users\\lark\\Desktop\\PDF自动填充工具\\config\\fonts\\simhei.ttf', 'C:\\Users\\lark\\Desktop\\PDF自动填充工具\\config\\fonts\\NotoSansCJKsc-Regular.otf', 'C:\\Windows\\Fonts\\simhei.ttf'], metrics=ReportLab.pdfmetrics
2025-11-04 09:20:25 [INFO] src.pdf_processor: 已注册中文字体：SimSun -> C:\Users\lark\Desktop\PDF自动填充工具\config\fonts\simhei.ttf
2025-11-04 09:20:25 [WARNING] src.pdf_processor: [2003] 未产生任何绘制计划，可能全部关键词未匹配
2025-11-04 09:20:25 [WARNING] src.pdf_processor: PyMuPDF 字体内嵌失败，将使用默认字体（中文可能显示为方块）：'Document' object has no attribute 'insert_font'
2025-11-04 09:20:25 [INFO] src.pdf_processor: PyMuPDF 未能内嵌字体，回退合成路径（ReportLab + PyPDF2）
2025-11-04 09:21:03 [INFO] src.pdf_processor: 已注册中文字体：SimSun -> C:\Users\lark\Desktop\PDF自动填充工具\config\fonts\simhei.ttf
2025-11-04 09:21:03 [WARNING] src.pdf_processor: [2003] 未产生任何绘制计划，可能全部关键词未匹配
2025-11-04 09:21:03 [WARNING] src.pdf_processor: PyMuPDF 字体内嵌失败，将使用默认字体（中文可能显示为方块）：'Document' object has no attribute 'insert_font'
2025-11-04 09:21:03 [INFO] src.pdf_processor: PyMuPDF 未能内嵌字体，回退合成路径（ReportLab + PyPDF2）
2025-11-04 09:24:33 [INFO] __main__: 运行环境：PyMuPDF version=1.24.9, Document.insert_font=False
2025-11-04 09:24:33 [INFO] __main__: 字体探测：override=C:\Users\lark\Desktop\PDF自动填充工具\config\fonts\simhei.ttf, preferred=C:\Users\lark\Desktop\PDF自动填充工具\config\fonts\simhei.ttf, candidates=['C:\\Users\\lark\\Desktop\\PDF自动填充工具\\config\\fonts\\simhei.ttf', 'C:\\Users\\lark\\Desktop\\PDF自动填充工具\\config\\fonts\\NotoSansCJKsc-Regular.otf', 'C:\\Windows\\Fonts\\simhei.ttf'], metrics=ReportLab.pdfmetrics
2025-11-04 09:24:33 [INFO] src.pdf_processor: 已注册中文字体：SimSun -> C:\Users\lark\Desktop\PDF自动填充工具\config\fonts\simhei.ttf
2025-11-04 09:24:33 [WARNING] src.pdf_processor: PyMuPDF 字体内嵌失败，将使用默认字体（中文可能显示为方块）：'Document' object has no attribute 'insert_font'
2025-11-04 09:24:33 [INFO] src.pdf_processor: PyMuPDF 未能内嵌字体，回退合成路径（ReportLab + PyPDF2）
2025-11-04 09:54:02 [INFO] __main__: 运行环境：PyMuPDF version=1.24.9, Document.insert_font=False
2025-11-04 09:54:02 [INFO] __main__: 字体探测：override=C:\Users\lark\Desktop\PDF自动填充工具\config\fonts\simhei.ttf, preferred=C:\Users\lark\Desktop\PDF自动填充工具\config\fonts\simhei.ttf, candidates=['C:\\Users\\lark\\Desktop\\PDF自动填充工具\\config\\fonts\\simhei.ttf', 'C:\\Users\\lark\\Desktop\\PDF自动填充工具\\config\\fonts\\NotoSansCJKsc-Regular.otf', 'C:\\Windows\\Fonts\\simhei.ttf'], metrics=ReportLab.pdfmetrics
2025-11-04 09:56:43 [INFO] src.pdf_processor: 已注册中文字体：SimSun -> C:\Users\lark\Desktop\PDF自动填充工具\config\fonts\simhei.ttf
2025-11-04 09:56:43 [WARNING] src.pdf_processor: PyMuPDF 字体内嵌失败，将使用默认字体（中文可能显示为方块）：'Document' object has no attribute 'insert_font'
2025-11-04 09:56:43 [INFO] src.pdf_processor: PyMuPDF 未能内嵌字体，回退合成路径（ReportLab + PyPDF2）
2025-11-04 09:58:58 [INFO] src.pdf_processor: 已注册中文字体：SimSun -> C:\Users\lark\Desktop\PDF自动填充工具\config\fonts\simhei.ttf
2025-11-04 09:58:58 [INFO] src.pdf_processor: Raster 输出完成：C:\Users\lark\Desktop\PDF自动填充工具\output\blank_contract_20251104_095858_filled.pdf (14.1 KB)
2025-11-04 10:11:03 [INFO] __main__: 运行环境：PyMuPDF version=1.24.9, Document.insert_font=False
2025-11-04 10:11:03 [INFO] __main__: 字体探测：override=C:\Users\lark\Desktop\PDF自动填充工具\config\fonts\simhei.ttf, preferred=C:\Users\lark\Desktop\PDF自动填充工具\config\fonts\simhei.ttf, candidates=['C:\\Users\\lark\\Desktop\\PDF自动填充工具\\config\\fonts\\simhei.ttf', 'C:\\Users\\lark\\Desktop\\PDF自动填充工具\\config\\fonts\\NotoSansCJKsc-Regular.otf', 'C:\\Windows\\Fonts\\simhei.ttf'], metrics=ReportLab.pdfmetrics
2025-11-04 10:11:03 [INFO] __main__: 运行环境：PyMuPDF version=1.24.9, Document.insert_font=False
2025-11-04 10:11:03 [INFO] __main__: 字体探测：override=C:\Users\lark\Desktop\PDF自动填充工具\config\fonts\simhei.ttf, preferred=C:\Users\lark\Desktop\PDF自动填充工具\config\fonts\simhei.ttf, candidates=['C:\\Users\\lark\\Desktop\\PDF自动填充工具\\config\\fonts\\simhei.ttf', 'C:\\Users\\lark\\Desktop\\PDF自动填充工具\\config\\fonts\\NotoSansCJKsc-Regular.otf', 'C:\\Windows\\Fonts\\simhei.ttf'], metrics=ReportLab.pdfmetrics
2025-11-04 10:11:49 [INFO] __main__: 运行环境：PyMuPDF version=1.24.9, Document.insert_font=False
2025-11-04 10:11:49 [INFO] __main__: 字体探测：override=C:\Users\lark\Desktop\PDF自动填充工具\config\fonts\simhei.ttf, preferred=C:\Users\lark\Desktop\PDF自动填充工具\config\fonts\simhei.ttf, candidates=['C:\\Users\\lark\\Desktop\\PDF自动填充工具\\config\\fonts\\simhei.ttf', 'C:\\Users\\lark\\Desktop\\PDF自动填充工具\\config\\fonts\\NotoSansCJKsc-Regular.otf', 'C:\\Windows\\Fonts\\simhei.ttf'], metrics=ReportLab.pdfmetrics
2025-11-04 10:13:49 [INFO] __main__: 运行环境：PyMuPDF version=1.24.9, Document.insert_font=False
2025-11-04 10:13:49 [INFO] __main__: 字体探测：override=C:\Users\lark\Desktop\PDF自动填充工具\config\fonts\simhei.ttf, preferred=C:\Users\lark\Desktop\PDF自动填充工具\config\fonts\simhei.ttf, candidates=['C:\\Users\\lark\\Desktop\\PDF自动填充工具\\config\\fonts\\simhei.ttf', 'C:\\Users\\lark\\Desktop\\PDF自动填充工具\\config\\fonts\\NotoSansCJKsc-Regular.otf', 'C:\\Windows\\Fonts\\simhei.ttf'], metrics=ReportLab.pdfmetrics
2025-11-04 10:13:49 [INFO] src.pdf_processor: 已注册中文字体：SimSun -> C:\Users\lark\Desktop\PDF自动填充工具\config\fonts\simhei.ttf
2025-11-04 10:13:49 [INFO] __main__: 第 1 条记录自动匹配模板ID=bank_b，使用配置：config\keywords_bank_b.json
2025-11-04 10:13:49 [WARNING] src.pdf_processor: PyMuPDF 字体内嵌失败，将使用默认字体（中文可能显示为方块）：'Document' object has no attribute 'insert_font'
2025-11-04 10:13:49 [INFO] src.pdf_processor: PyMuPDF 未能内嵌字体，回退合成路径（ReportLab + PyPDF2）
2025-11-04 10:13:49 [WARNING] src.pdf_processor: PyMuPDF 字体内嵌失败，将使用默认字体（中文可能显示为方块）：'Document' object has no attribute 'insert_font'
2025-11-04 10:13:49 [INFO] src.pdf_processor: PyMuPDF 未能内嵌字体，回退合成路径（ReportLab + PyPDF2）
2025-11-04 10:18:14 [INFO] __main__: 运行环境：PyMuPDF version=1.24.9, Document.insert_font=False
2025-11-04 10:18:14 [INFO] __main__: 字体探测：override=C:\Users\lark\Desktop\PDF自动填充工具\config\fonts\simhei.ttf, preferred=C:\Users\lark\Desktop\PDF自动填充工具\config\fonts\simhei.ttf, candidates=['C:\\Users\\lark\\Desktop\\PDF自动填充工具\\config\\fonts\\simhei.ttf', 'C:\\Users\\lark\\Desktop\\PDF自动填充工具\\config\\fonts\\NotoSansCJKsc-Regular.otf', 'C:\\Windows\\Fonts\\simhei.ttf'], metrics=ReportLab.pdfmetrics
2025-11-04 10:18:14 [INFO] src.pdf_processor: 已注册中文字体：SimSun -> C:\Users\lark\Desktop\PDF自动填充工具\config\fonts\simhei.ttf
2025-11-04 10:18:14 [INFO] __main__: 第 1 条记录使用 __template_id=default -> config\keywords.json
2025-11-04 10:18:14 [WARNING] src.pdf_processor: PyMuPDF 字体内嵌失败，将使用默认字体（中文可能显示为方块）：'Document' object has no attribute 'insert_font'
2025-11-04 10:18:14 [INFO] src.pdf_processor: PyMuPDF 未能内嵌字体，回退合成路径（ReportLab + PyPDF2）
2025-11-04 10:18:14 [INFO] __main__: 第 2 条记录使用 __keywords_json：config\keywords_bank_b.json
2025-11-04 10:18:14 [WARNING] src.pdf_processor: PyMuPDF 字体内嵌失败，将使用默认字体（中文可能显示为方块）：'Document' object has no attribute 'insert_font'
2025-11-04 10:18:14 [INFO] src.pdf_processor: PyMuPDF 未能内嵌字体，回退合成路径（ReportLab + PyPDF2）
2025-11-04 10:22:11 [INFO] __main__: 运行环境：PyMuPDF version=1.24.9, Document.insert_font=False
2025-11-04 10:22:11 [INFO] __main__: 字体探测：override=C:\Users\lark\Desktop\PDF自动填充工具\config\fonts\simhei.ttf, preferred=C:\Users\lark\Desktop\PDF自动填充工具\config\fonts\simhei.ttf, candidates=['C:\\Users\\lark\\Desktop\\PDF自动填充工具\\config\\fonts\\simhei.ttf', 'C:\\Users\\lark\\Desktop\\PDF自动填充工具\\config\\fonts\\NotoSansCJKsc-Regular.otf', 'C:\\Windows\\Fonts\\simhei.ttf'], metrics=ReportLab.pdfmetrics
2025-11-04 10:22:11 [INFO] src.pdf_processor: 已注册中文字体：SimSun -> C:\Users\lark\Desktop\PDF自动填充工具\config\fonts\simhei.ttf
2025-11-04 10:22:11 [WARNING] src.pdf_processor: PyMuPDF 字体内嵌失败，将使用默认字体（中文可能显示为方块）：'Document' object has no attribute 'insert_font'
2025-11-04 10:22:11 [INFO] src.pdf_processor: PyMuPDF 未能内嵌字体，回退合成路径（ReportLab + PyPDF2）
2025-11-04 10:22:11 [WARNING] src.pdf_processor: PyMuPDF 字体内嵌失败，将使用默认字体（中文可能显示为方块）：'Document' object has no attribute 'insert_font'
2025-11-04 10:22:11 [INFO] src.pdf_processor: PyMuPDF 未能内嵌字体，回退合成路径（ReportLab + PyPDF2）
2025-11-04 10:30:25 [INFO] __main__: 运行环境：PyMuPDF version=1.24.9, Document.insert_font=False
2025-11-04 10:30:25 [INFO] __main__: 字体探测：override=C:\Users\lark\Desktop\PDF自动填充工具\config\fonts\simhei.ttf, preferred=C:\Users\lark\Desktop\PDF自动填充工具\config\fonts\simhei.ttf, candidates=['C:\\Users\\lark\\Desktop\\PDF自动填充工具\\config\\fonts\\simhei.ttf', 'C:\\Users\\lark\\Desktop\\PDF自动填充工具\\config\\fonts\\NotoSansCJKsc-Regular.otf', 'C:\\Windows\\Fonts\\simhei.ttf'], metrics=ReportLab.pdfmetrics
2025-11-04 10:32:20 [INFO] src.pdf_processor: 已注册中文字体：SimSun -> C:\Users\lark\Desktop\PDF自动填充工具\config\fonts\simhei.ttf
2025-11-04 10:32:20 [WARNING] src.pdf_processor: PyMuPDF 字体内嵌失败，将使用默认字体（中文可能显示为方块）：'Document' object has no attribute 'insert_font'
2025-11-04 10:32:20 [INFO] src.pdf_processor: PyMuPDF 未能内嵌字体，回退合成路径（ReportLab + PyPDF2）
2025-11-04 10:36:09 [INFO] src.ui: GUI: 已基于文件名自动匹配模板ID=bank_b，使用配置：config\keywords_bank_b.json
2025-11-04 10:36:09 [INFO] src.pdf_processor: 已注册中文字体：SimSun -> C:\Users\lark\Desktop\PDF自动填充工具\config\fonts\simhei.ttf
2025-11-04 10:36:09 [WARNING] src.pdf_processor: PyMuPDF 字体内嵌失败，将使用默认字体（中文可能显示为方块）：'Document' object has no attribute 'insert_font'
2025-11-04 10:36:09 [INFO] src.pdf_processor: PyMuPDF 未能内嵌字体，回退合成路径（ReportLab + PyPDF2）
2025-11-04 10:38:32 [INFO] src.ui: GUI: 已基于文件名自动匹配模板ID=bank_b，使用配置：config\keywords_bank_b.json
2025-11-04 10:38:32 [INFO] src.pdf_processor: 已注册中文字体：SimSun -> C:\Users\lark\Desktop\PDF自动填充工具\config\fonts\simhei.ttf
2025-11-04 10:38:32 [INFO] src.pdf_processor: Raster 输出完成：C:\Users\lark\Desktop\PDF自动填充工具\output\bank_b_contract_20251104_103832_filled.pdf (33.5 KB)
2025-11-04 10:49:21 [INFO] __main__: 运行环境：PyMuPDF version=1.24.9, Document.insert_font=False
2025-11-04 10:49:21 [INFO] __main__: 字体探测：override=C:\Users\lark\Desktop\PDF自动填充工具\config\fonts\simhei.ttf, preferred=C:\Users\lark\Desktop\PDF自动填充工具\config\fonts\simhei.ttf, candidates=['C:\\Users\\lark\\Desktop\\PDF自动填充工具\\config\\fonts\\simhei.ttf', 'C:\\Users\\lark\\Desktop\\PDF自动填充工具\\config\\fonts\\NotoSansCJKsc-Regular.otf', 'C:\\Windows\\Fonts\\simhei.ttf'], metrics=ReportLab.pdfmetrics
2025-11-04 10:52:12 [ERROR] src.ui: 执行填充失败：name 'load_batch_json' is not defined
Traceback (most recent call last):
  File "C:\Users\lark\Desktop\PDF自动填充工具\src\ui.py", line 582, in _on_execute_fill
    records = load_batch_json(batch_json_path)
              ^^^^^^^^^^^^^^^
NameError: name 'load_batch_json' is not defined
2025-11-04 10:53:57 [ERROR] src.ui: 执行填充失败：name 'load_batch_json' is not defined
Traceback (most recent call last):
  File "C:\Users\lark\Desktop\PDF自动填充工具\src\ui.py", line 582, in _on_execute_fill
    records: List[Dict[str, str]] = []  # type: ignore[name-defined]
                  ^^^^^^^^^^^^^^^
NameError: name 'load_batch_json' is not defined
2025-11-04 10:54:03 [ERROR] src.ui: 执行填充失败：name 'load_batch_json' is not defined
Traceback (most recent call last):
  File "C:\Users\lark\Desktop\PDF自动填充工具\src\ui.py", line 582, in _on_execute_fill
    records: List[Dict[str, str]] = []  # type: ignore[name-defined]
                  ^^^^^^^^^^^^^^^
NameError: name 'load_batch_json' is not defined
2025-11-04 10:55:39 [INFO] __main__: 运行环境：PyMuPDF version=1.24.9, Document.insert_font=False
2025-11-04 10:55:39 [INFO] __main__: 字体探测：override=C:\Users\lark\Desktop\PDF自动填充工具\config\fonts\simhei.ttf, preferred=C:\Users\lark\Desktop\PDF自动填充工具\config\fonts\simhei.ttf, candidates=['C:\\Users\\lark\\Desktop\\PDF自动填充工具\\config\\fonts\\simhei.ttf', 'C:\\Users\\lark\\Desktop\\PDF自动填充工具\\config\\fonts\\NotoSansCJKsc-Regular.otf', 'C:\\Windows\\Fonts\\simhei.ttf'], metrics=ReportLab.pdfmetrics
2025-11-04 10:56:35 [INFO] src.pdf_processor: 已注册中文字体：SimSun -> C:\Users\lark\Desktop\PDF自动填充工具\config\fonts\simhei.ttf
2025-11-04 10:56:35 [WARNING] src.pdf_processor: PyMuPDF 字体内嵌失败，将使用默认字体（中文可能显示为方块）：'Document' object has no attribute 'insert_font'
2025-11-04 10:56:35 [INFO] src.pdf_processor: PyMuPDF 未能内嵌字体，回退合成路径（ReportLab + PyPDF2）
2025-11-04 10:56:35 [WARNING] src.pdf_processor: PyMuPDF 字体内嵌失败，将使用默认字体（中文可能显示为方块）：'Document' object has no attribute 'insert_font'
2025-11-04 10:56:35 [INFO] src.pdf_processor: PyMuPDF 未能内嵌字体，回退合成路径（ReportLab + PyPDF2）
2025-11-04 10:59:33 [INFO] src.pdf_processor: 已注册中文字体：SimSun -> C:\Users\lark\Desktop\PDF自动填充工具\config\fonts\simhei.ttf
2025-11-04 10:59:33 [WARNING] src.pdf_processor: PyMuPDF 字体内嵌失败，将使用默认字体（中文可能显示为方块）：'Document' object has no attribute 'insert_font'
2025-11-04 10:59:33 [INFO] src.pdf_processor: PyMuPDF 未能内嵌字体，回退合成路径（ReportLab + PyPDF2）
2025-11-04 10:59:33 [WARNING] src.pdf_processor: PyMuPDF 字体内嵌失败，将使用默认字体（中文可能显示为方块）：'Document' object has no attribute 'insert_font'
2025-11-04 10:59:33 [INFO] src.pdf_processor: PyMuPDF 未能内嵌字体，回退合成路径（ReportLab + PyPDF2）
2025-11-04 11:02:54 [INFO] src.pdf_processor: 已注册中文字体：SimSun -> C:\Users\lark\Desktop\PDF自动填充工具\config\fonts\simhei.ttf
2025-11-04 11:02:54 [INFO] src.ui: GUI 批量：第 1 条记录自动匹配模板ID=bank_b，使用配置：config\keywords_bank_b.json
2025-11-04 11:02:54 [WARNING] src.pdf_processor: PyMuPDF 字体内嵌失败，将使用默认字体（中文可能显示为方块）：'Document' object has no attribute 'insert_font'
2025-11-04 11:02:54 [INFO] src.pdf_processor: PyMuPDF 未能内嵌字体，回退合成路径（ReportLab + PyPDF2）
2025-11-04 11:02:54 [WARNING] src.pdf_processor: PyMuPDF 字体内嵌失败，将使用默认字体（中文可能显示为方块）：'Document' object has no attribute 'insert_font'
2025-11-04 11:02:54 [INFO] src.pdf_processor: PyMuPDF 未能内嵌字体，回退合成路径（ReportLab + PyPDF2）
2025-11-04 11:05:45 [INFO] src.pdf_processor: 已注册中文字体：SimSun -> C:\Users\lark\Desktop\PDF自动填充工具\config\fonts\simhei.ttf
2025-11-04 11:05:45 [INFO] src.ui: GUI 批量：第 1 条记录使用 __template_id=default -> config\keywords.json
2025-11-04 11:05:45 [WARNING] src.pdf_processor: PyMuPDF 字体内嵌失败，将使用默认字体（中文可能显示为方块）：'Document' object has no attribute 'insert_font'
2025-11-04 11:05:45 [INFO] src.pdf_processor: PyMuPDF 未能内嵌字体，回退合成路径（ReportLab + PyPDF2）
2025-11-04 11:05:45 [INFO] src.ui: GUI 批量：第 2 条记录使用 __keywords_json：config\keywords_bank_b.json
2025-11-04 11:05:45 [WARNING] src.pdf_processor: PyMuPDF 字体内嵌失败，将使用默认字体（中文可能显示为方块）：'Document' object has no attribute 'insert_font'
2025-11-04 11:05:45 [INFO] src.pdf_processor: PyMuPDF 未能内嵌字体，回退合成路径（ReportLab + PyPDF2）
2025-11-04 11:10:47 [INFO] src.pdf_processor: 已注册中文字体：SimSun -> C:\Users\lark\Desktop\PDF自动填充工具\config\fonts\simhei.ttf
2025-11-04 11:10:47 [WARNING] src.pdf_processor: [2003] 未产生任何绘制计划，可能全部关键词未匹配
2025-11-04 11:10:47 [INFO] src.pdf_processor: Raster 输出完成：C:\Users\lark\Desktop\PDF自动填充工具\output\=raster_x1_20251104_111047_filled.pdf (1.9 KB)
2025-11-04 11:11:42 [INFO] src.pdf_processor: 已注册中文字体：SimSun -> C:\Users\lark\Desktop\PDF自动填充工具\config\fonts\simhei.ttf
2025-11-04 11:11:42 [WARNING] src.pdf_processor: [2003] 未产生任何绘制计划，可能全部关键词未匹配
2025-11-04 11:11:42 [INFO] src.pdf_processor: Raster 输出完成：C:\Users\lark\Desktop\PDF自动填充工具\output\=raster_x2_20251104_111142_filled.pdf (1.9 KB)
2025-11-04 11:33:23 [INFO] src.pdf_processor: 已注册中文字体：SimSun -> C:\Users\lark\Desktop\PDF自动填充工具\config\fonts\simhei.ttf
2025-11-04 11:33:23 [INFO] src.pdf_processor: Raster 输出完成：C:\Users\lark\Desktop\PDF自动填充工具\output\=raster_x3_20251104_113323_filled.pdf (6.5 KB)
2025-11-04 11:33:31 [INFO] src.pdf_processor: 已注册中文字体：SimSun -> C:\Users\lark\Desktop\PDF自动填充工具\config\fonts\simhei.ttf
2025-11-04 11:33:31 [INFO] src.pdf_processor: Raster 输出完成：C:\Users\lark\Desktop\PDF自动填充工具\output\=raster_x4_20251104_113331_filled.pdf (15.3 KB)
2025-11-04 11:45:06 [INFO] __main__: 运行环境：PyMuPDF version=1.24.9, Document.insert_font=False
2025-11-04 11:45:06 [INFO] __main__: 字体探测：override=C:\Users\lark\Desktop\PDF自动填充工具\config\fonts\simhei.ttf, preferred=C:\Users\lark\Desktop\PDF自动填充工具\config\fonts\simhei.ttf, candidates=['C:\\Users\\lark\\Desktop\\PDF自动填充工具\\config\\fonts\\simhei.ttf', 'C:\\Users\\lark\\Desktop\\PDF自动填充工具\\config\\fonts\\NotoSansCJKsc-Regular.otf', 'C:\\Windows\\Fonts\\simhei.ttf'], metrics=ReportLab.pdfmetrics
2025-11-04 11:46:06 [INFO] src.pdf_processor: 已注册中文字体：SimSun -> C:\Users\lark\Desktop\PDF自动填充工具\config\fonts\simhei.ttf
2025-11-04 11:46:06 [WARNING] src.pdf_processor: PyMuPDF 字体内嵌失败，将使用默认字体（中文可能显示为方块）：'Document' object has no attribute 'insert_font'
2025-11-04 11:46:06 [INFO] src.pdf_processor: PyMuPDF 未能内嵌字体，回退合成路径（ReportLab + PyPDF2）
2025-11-04 11:49:00 [INFO] src.pdf_processor: 已注册中文字体：SimSun -> C:\Users\lark\Desktop\PDF自动填充工具\config\fonts\simhei.ttf
2025-11-04 11:49:00 [WARNING] src.pdf_processor: PyMuPDF 字体内嵌失败，将使用默认字体（中文可能显示为方块）：'Document' object has no attribute 'insert_font'
2025-11-04 11:49:00 [INFO] src.pdf_processor: PyMuPDF 未能内嵌字体，回退合成路径（ReportLab + PyPDF2）
2025-11-04 11:49:00 [WARNING] src.pdf_processor: PyMuPDF 字体内嵌失败，将使用默认字体（中文可能显示为方块）：'Document' object has no attribute 'insert_font'
2025-11-04 11:49:00 [INFO] src.pdf_processor: PyMuPDF 未能内嵌字体，回退合成路径（ReportLab + PyPDF2）
2025-11-04 12:04:21 [INFO] __main__: 运行环境：PyMuPDF version=1.24.9, Document.insert_font=False
2025-11-04 12:04:21 [INFO] __main__: 字体探测：override=C:\Users\lark\Desktop\PDF自动填充工具\config\fonts\simhei.ttf, preferred=C:\Users\lark\Desktop\PDF自动填充工具\config\fonts\simhei.ttf, candidates=['C:\\Users\\lark\\Desktop\\PDF自动填充工具\\config\\fonts\\simhei.ttf', 'C:\\Users\\lark\\Desktop\\PDF自动填充工具\\config\\fonts\\NotoSansCJKsc-Regular.otf', 'C:\\Windows\\Fonts\\simhei.ttf'], metrics=ReportLab.pdfmetrics
2025-11-04 12:05:13 [INFO] src.pdf_processor: 已注册中文字体：SimSun -> C:\Users\lark\Desktop\PDF自动填充工具\config\fonts\simhei.ttf
2025-11-04 12:05:13 [WARNING] src.pdf_processor: PyMuPDF 字体内嵌失败，将使用默认字体（中文可能显示为方块）：'Document' object has no attribute 'insert_font'
2025-11-04 12:05:13 [INFO] src.pdf_processor: PyMuPDF 未能内嵌字体，回退合成路径（ReportLab + PyPDF2）
2025-11-04 14:58:47 [INFO] __main__: 运行环境：PyMuPDF version=1.24.9, Document.insert_font=False
2025-11-04 14:58:47 [INFO] __main__: 字体探测：override=C:\Users\lark\Desktop\PDF自动填充工具\config\fonts\simhei.ttf, preferred=C:\Users\lark\Desktop\PDF自动填充工具\config\fonts\simhei.ttf, candidates=['C:\\Users\\lark\\Desktop\\PDF自动填充工具\\config\\fonts\\simhei.ttf', 'C:\\Users\\lark\\Desktop\\PDF自动填充工具\\config\\fonts\\NotoSansCJKsc-Regular.otf', 'C:\\Windows\\Fonts\\simhei.ttf'], metrics=ReportLab.pdfmetrics
2025-11-04 14:58:53 [INFO] src.ui: GUI 切换模式：expert
2025-11-04 14:58:57 [INFO] src.ui: GUI 切换模式：quick
2025-11-04 14:59:29 [INFO] src.ui: GUI 切换模式：expert
2025-11-04 15:00:09 [INFO] src.ui: GUI 切换模式：quick
2025-11-04 16:13:44 [INFO] __main__: 运行环境：PyMuPDF version=1.24.9, Document.insert_font=False
2025-11-04 16:13:44 [INFO] __main__: 字体探测：override=C:\Users\lark\Desktop\PDF自动填充工具\config\fonts\simhei.ttf, preferred=C:\Users\lark\Desktop\PDF自动填充工具\config\fonts\simhei.ttf, candidates=['C:\\Users\\lark\\Desktop\\PDF自动填充工具\\config\\fonts\\simhei.ttf', 'C:\\Users\\lark\\Desktop\\PDF自动填充工具\\config\\fonts\\NotoSansCJKsc-Regular.otf', 'C:\\Windows\\Fonts\\simhei.ttf'], metrics=ReportLab.pdfmetrics
2025-11-04 16:17:51 [INFO] src.pdf_processor: 已注册中文字体：SimSun -> C:\Users\lark\Desktop\PDF自动填充工具\config\fonts\simhei.ttf
2025-11-04 16:17:51 [WARNING] src.pdf_processor: [2001] 未找到关键词：联系电话： (page=0)
2025-11-04 16:17:51 [WARNING] src.pdf_processor: [2001] 关键词未定位：联系电话：
2025-11-04 16:17:51 [WARNING] src.pdf_processor: PyMuPDF 字体内嵌失败，将使用默认字体（中文可能显示为方块）：'Document' object has no attribute 'insert_font'
2025-11-04 16:17:51 [INFO] src.pdf_processor: PyMuPDF 未能内嵌字体，回退合成路径（ReportLab + PyPDF2）
2025-11-04 16:21:07 [INFO] src.ui: GUI: 已基于文件名自动匹配模板ID=bank_b，使用配置：config\keywords_bank_b.json
2025-11-04 16:21:07 [INFO] src.pdf_processor: 已注册中文字体：SimSun -> C:\Users\lark\Desktop\PDF自动填充工具\config\fonts\simhei.ttf
2025-11-04 16:21:07 [WARNING] src.pdf_processor: [2001] 未找到关键词：联系电话： (page=0)
2025-11-04 16:21:07 [WARNING] src.pdf_processor: [2001] 关键词未定位：联系电话：
2025-11-04 16:21:07 [WARNING] src.pdf_processor: PyMuPDF 字体内嵌失败，将使用默认字体（中文可能显示为方块）：'Document' object has no attribute 'insert_font'
2025-11-04 16:21:07 [INFO] src.pdf_processor: PyMuPDF 未能内嵌字体，回退合成路径（ReportLab + PyPDF2）
2025-11-04 16:23:22 [INFO] src.ui: GUI: 已基于文件名自动匹配模板ID=bank_b，使用配置：config\keywords_bank_b.json
2025-11-04 16:23:22 [INFO] src.pdf_processor: 已注册中文字体：SimSun -> C:\Users\lark\Desktop\PDF自动填充工具\config\fonts\simhei.ttf
2025-11-04 16:23:22 [WARNING] src.pdf_processor: [2001] 未找到关键词：联系电话： (page=0)
2025-11-04 16:23:22 [WARNING] src.pdf_processor: [2001] 关键词未定位：联系电话：
2025-11-04 16:23:22 [WARNING] src.pdf_processor: PyMuPDF 字体内嵌失败，将使用默认字体（中文可能显示为方块）：'Document' object has no attribute 'insert_font'
2025-11-04 16:23:22 [INFO] src.pdf_processor: PyMuPDF 未能内嵌字体，回退合成路径（ReportLab + PyPDF2）
2025-11-04 16:26:19 [INFO] src.ui: GUI: 已基于文件名自动匹配模板ID=bank_b，使用配置：config\keywords_bank_b.json
2025-11-04 16:26:19 [INFO] src.pdf_processor: 已注册中文字体：SimSun -> C:\Users\lark\Desktop\PDF自动填充工具\config\fonts\simhei.ttf
2025-11-04 16:26:19 [WARNING] src.pdf_processor: [2001] 未找到关键词：联系电话： (page=0)
2025-11-04 16:26:19 [WARNING] src.pdf_processor: [2001] 关键词未定位：联系电话：
2025-11-04 16:26:19 [WARNING] src.pdf_processor: PyMuPDF 字体内嵌失败，将使用默认字体（中文可能显示为方块）：'Document' object has no attribute 'insert_font'
2025-11-04 16:26:19 [INFO] src.pdf_processor: PyMuPDF 未能内嵌字体，回退合成路径（ReportLab + PyPDF2）
2025-11-04 16:28:52 [INFO] src.ui: GUI: 已基于文件名自动匹配模板ID=bank_b，使用配置：config\keywords_bank_b.json
2025-11-04 16:28:52 [INFO] src.pdf_processor: 已注册中文字体：SimSun -> C:\Users\lark\Desktop\PDF自动填充工具\config\fonts\simhei.ttf
2025-11-04 16:28:52 [WARNING] src.pdf_processor: [2001] 未找到关键词：联系电话： (page=0)
2025-11-04 16:28:52 [WARNING] src.pdf_processor: [2001] 关键词未定位：联系电话：
2025-11-04 16:28:52 [WARNING] src.pdf_processor: PyMuPDF 字体内嵌失败，将使用默认字体（中文可能显示为方块）：'Document' object has no attribute 'insert_font'
2025-11-04 16:28:52 [INFO] src.pdf_processor: PyMuPDF 未能内嵌字体，回退合成路径（ReportLab + PyPDF2）
2025-11-04 16:30:51 [INFO] src.ui: GUI: 已基于文件名自动匹配模板ID=bank_b，使用配置：config\keywords_bank_b.json
2025-11-04 16:30:51 [INFO] src.pdf_processor: 已注册中文字体：SimSun -> C:\Users\lark\Desktop\PDF自动填充工具\config\fonts\simhei.ttf
2025-11-04 16:30:51 [WARNING] src.pdf_processor: [2001] 未找到关键词：联系电话： (page=0)
2025-11-04 16:30:51 [WARNING] src.pdf_processor: [2001] 关键词未定位：联系电话：
2025-11-04 16:30:51 [WARNING] src.pdf_processor: PyMuPDF 字体内嵌失败，将使用默认字体（中文可能显示为方块）：'Document' object has no attribute 'insert_font'
2025-11-04 16:30:51 [INFO] src.pdf_processor: PyMuPDF 未能内嵌字体，回退合成路径（ReportLab + PyPDF2）
2025-11-04 16:31:40 [INFO] src.ui: GUI 切换模式：expert
2025-11-04 16:31:58 [INFO] src.ui: GUI: 已基于文件名自动匹配模板ID=bank_b，使用配置：config\keywords_bank_b.json
2025-11-04 16:31:58 [INFO] src.pdf_processor: 已注册中文字体：SimSun -> C:\Users\lark\Desktop\PDF自动填充工具\config\fonts\simhei.ttf
2025-11-04 16:31:58 [WARNING] src.pdf_processor: [2001] 未找到关键词：联系电话： (page=0)
2025-11-04 16:31:58 [WARNING] src.pdf_processor: [2001] 关键词未定位：联系电话：
2025-11-04 16:31:59 [INFO] src.pdf_processor: Raster 输出完成：C:\Users\lark\Desktop\PDF自动填充工具\output\bank_b_contract_20251104_163158_filled.pdf (26.2 KB)
2025-11-04 16:33:21 [INFO] src.ui: GUI: 已基于文件名自动匹配模板ID=bank_b，使用配置：config\keywords_bank_b.json
2025-11-04 16:33:21 [INFO] src.pdf_processor: 已注册中文字体：SimSun -> C:\Users\lark\Desktop\PDF自动填充工具\config\fonts\simhei.ttf
2025-11-04 16:33:21 [WARNING] src.pdf_processor: [2001] 未找到关键词：联系电话： (page=0)
2025-11-04 16:33:21 [WARNING] src.pdf_processor: [2001] 关键词未定位：联系电话：
2025-11-04 16:33:21 [INFO] src.pdf_processor: Raster 输出完成：C:\Users\lark\Desktop\PDF自动填充工具\output\bank_b_contract_20251104_163321_filled.pdf (15.1 KB)
2025-11-04 16:33:58 [INFO] src.ui: GUI: 已基于文件名自动匹配模板ID=bank_b，使用配置：config\keywords_bank_b.json
2025-11-04 16:33:58 [INFO] src.pdf_processor: 已注册中文字体：SimSun -> C:\Users\lark\Desktop\PDF自动填充工具\config\fonts\simhei.ttf
2025-11-04 16:33:58 [WARNING] src.pdf_processor: [2001] 未找到关键词：联系电话： (page=0)
2025-11-04 16:33:58 [WARNING] src.pdf_processor: [2001] 关键词未定位：联系电话：
2025-11-04 16:33:58 [INFO] src.pdf_processor: Raster 输出完成：C:\Users\lark\Desktop\PDF自动填充工具\output\bank_b_contract_20251104_163358_filled.pdf (41.1 KB)
2025-11-04 17:04:50 [INFO] __main__: 运行环境：PyMuPDF version=1.24.9, Document.insert_font=False
2025-11-04 17:04:50 [INFO] __main__: 字体探测：override=C:\Users\lark\Desktop\PDF自动填充工具\config\fonts\simhei.ttf, preferred=C:\Users\lark\Desktop\PDF自动填充工具\config\fonts\simhei.ttf, candidates=['C:\\Users\\lark\\Desktop\\PDF自动填充工具\\config\\fonts\\simhei.ttf', 'C:\\Users\\lark\\Desktop\\PDF自动填充工具\\config\\fonts\\NotoSansCJKsc-Regular.otf', 'C:\\Windows\\Fonts\\simhei.ttf'], metrics=ReportLab.pdfmetrics
2025-11-04 17:05:39 [INFO] __main__: 运行环境：PyMuPDF version=1.24.9, Document.insert_font=False
2025-11-04 17:05:39 [INFO] __main__: 字体探测：override=C:\Users\lark\Desktop\PDF自动填充工具\config\fonts\simhei.ttf, preferred=C:\Users\lark\Desktop\PDF自动填充工具\config\fonts\simhei.ttf, candidates=['C:\\Users\\lark\\Desktop\\PDF自动填充工具\\config\\fonts\\simhei.ttf', 'C:\\Users\\lark\\Desktop\\PDF自动填充工具\\config\\fonts\\NotoSansCJKsc-Regular.otf', 'C:\\Windows\\Fonts\\simhei.ttf'], metrics=ReportLab.pdfmetrics
2025-11-04 17:06:34 [INFO] __main__: 运行环境：PyMuPDF version=1.24.9, Document.insert_font=False
2025-11-04 17:06:34 [INFO] __main__: 字体探测：override=C:\Users\lark\Desktop\PDF自动填充工具\config\fonts\simhei.ttf, preferred=C:\Users\lark\Desktop\PDF自动填充工具\config\fonts\simhei.ttf, candidates=['C:\\Users\\lark\\Desktop\\PDF自动填充工具\\config\\fonts\\simhei.ttf', 'C:\\Users\\lark\\Desktop\\PDF自动填充工具\\config\\fonts\\NotoSansCJKsc-Regular.otf', 'C:\\Windows\\Fonts\\simhei.ttf'], metrics=ReportLab.pdfmetrics
2025-11-04 17:06:34 [INFO] src.pdf_processor: 已注册中文字体：SimSun -> C:\Users\lark\Desktop\PDF自动填充工具\config\fonts\simhei.ttf
2025-11-04 17:06:34 [WARNING] src.pdf_processor: PyMuPDF 字体内嵌失败，将使用默认字体（中文可能显示为方块）：'Document' object has no attribute 'insert_font'
2025-11-04 17:06:34 [INFO] src.pdf_processor: PyMuPDF 未能内嵌字体，回退合成路径（ReportLab + PyPDF2）
2025-11-04 17:10:45 [INFO] __main__: 运行环境：PyMuPDF version=1.24.9, Document.insert_font=False
2025-11-04 17:10:45 [INFO] __main__: 字体探测：override=C:\Users\lark\Desktop\PDF自动填充工具\config\fonts\simhei.ttf, preferred=C:\Users\lark\Desktop\PDF自动填充工具\config\fonts\simhei.ttf, candidates=['C:\\Users\\lark\\Desktop\\PDF自动填充工具\\config\\fonts\\simhei.ttf', 'C:\\Users\\lark\\Desktop\\PDF自动填充工具\\config\\fonts\\NotoSansCJKsc-Regular.otf', 'C:\\Windows\\Fonts\\simhei.ttf'], metrics=ReportLab.pdfmetrics
2025-11-04 17:10:45 [INFO] src.pdf_processor: 已注册中文字体：SimSun -> C:\Users\lark\Desktop\PDF自动填充工具\config\fonts\simhei.ttf
2025-11-04 17:10:45 [WARNING] src.pdf_processor: PyMuPDF 字体内嵌失败，将使用默认字体（中文可能显示为方块）：'Document' object has no attribute 'insert_font'
2025-11-04 17:10:45 [INFO] src.pdf_processor: PyMuPDF 未能内嵌字体，回退合成路径（ReportLab + PyPDF2）
2025-11-04 17:10:45 [WARNING] src.pdf_processor: PyMuPDF 字体内嵌失败，将使用默认字体（中文可能显示为方块）：'Document' object has no attribute 'insert_font'
2025-11-04 17:10:45 [INFO] src.pdf_processor: PyMuPDF 未能内嵌字体，回退合成路径（ReportLab + PyPDF2）
2025-11-04 17:11:46 [INFO] __main__: 运行环境：PyMuPDF version=1.24.9, Document.insert_font=False
2025-11-04 17:11:46 [INFO] __main__: 字体探测：override=C:\Users\lark\Desktop\PDF自动填充工具\config\fonts\simhei.ttf, preferred=C:\Users\lark\Desktop\PDF自动填充工具\config\fonts\simhei.ttf, candidates=['C:\\Users\\lark\\Desktop\\PDF自动填充工具\\config\\fonts\\simhei.ttf', 'C:\\Users\\lark\\Desktop\\PDF自动填充工具\\config\\fonts\\NotoSansCJKsc-Regular.otf', 'C:\\Windows\\Fonts\\simhei.ttf'], metrics=ReportLab.pdfmetrics
2025-11-04 17:11:46 [INFO] src.pdf_processor: 已注册中文字体：SimSun -> C:\Users\lark\Desktop\PDF自动填充工具\config\fonts\simhei.ttf
2025-11-04 17:11:46 [WARNING] src.pdf_processor: PyMuPDF 字体内嵌失败，将使用默认字体（中文可能显示为方块）：'Document' object has no attribute 'insert_font'
2025-11-04 17:11:46 [INFO] src.pdf_processor: PyMuPDF 未能内嵌字体，回退合成路径（ReportLab + PyPDF2）
2025-11-04 17:11:46 [WARNING] src.pdf_processor: PyMuPDF 字体内嵌失败，将使用默认字体（中文可能显示为方块）：'Document' object has no attribute 'insert_font'
2025-11-04 17:11:46 [INFO] src.pdf_processor: PyMuPDF 未能内嵌字体，回退合成路径（ReportLab + PyPDF2）
2025-11-04 17:12:53 [INFO] __main__: 运行环境：PyMuPDF version=1.24.9, Document.insert_font=False
2025-11-04 17:12:53 [INFO] __main__: 字体探测：override=C:\Users\lark\Desktop\PDF自动填充工具\config\fonts\simhei.ttf, preferred=C:\Users\lark\Desktop\PDF自动填充工具\config\fonts\simhei.ttf, candidates=['C:\\Users\\lark\\Desktop\\PDF自动填充工具\\config\\fonts\\simhei.ttf', 'C:\\Users\\lark\\Desktop\\PDF自动填充工具\\config\\fonts\\NotoSansCJKsc-Regular.otf', 'C:\\Windows\\Fonts\\simhei.ttf'], metrics=ReportLab.pdfmetrics
2025-11-04 17:13:42 [INFO] __main__: 运行环境：PyMuPDF version=1.24.9, Document.insert_font=False
2025-11-04 17:13:42 [INFO] __main__: 字体探测：override=C:\Users\lark\Desktop\PDF自动填充工具\config\fonts\simhei.ttf, preferred=C:\Users\lark\Desktop\PDF自动填充工具\config\fonts\simhei.ttf, candidates=['C:\\Users\\lark\\Desktop\\PDF自动填充工具\\config\\fonts\\simhei.ttf', 'C:\\Users\\lark\\Desktop\\PDF自动填充工具\\config\\fonts\\NotoSansCJKsc-Regular.otf', 'C:\\Windows\\Fonts\\simhei.ttf'], metrics=ReportLab.pdfmetrics
2025-11-04 17:13:42 [INFO] __main__: 已基于文件名自动匹配模板ID=bank_b，使用配置：config\keywords_bank_b.json
2025-11-04 17:13:42 [INFO] src.pdf_processor: 已注册中文字体：SimSun -> C:\Users\lark\Desktop\PDF自动填充工具\config\fonts\simhei.ttf
2025-11-04 17:13:42 [WARNING] src.pdf_processor: PyMuPDF 字体内嵌失败，将使用默认字体（中文可能显示为方块）：'Document' object has no attribute 'insert_font'
2025-11-04 17:13:42 [INFO] src.pdf_processor: PyMuPDF 未能内嵌字体，回退合成路径（ReportLab + PyPDF2）
2025-11-04 17:14:58 [INFO] __main__: 运行环境：PyMuPDF version=1.24.9, Document.insert_font=False
2025-11-04 17:14:58 [INFO] __main__: 字体探测：override=C:\Users\lark\Desktop\PDF自动填充工具\config\fonts\simhei.ttf, preferred=C:\Users\lark\Desktop\PDF自动填充工具\config\fonts\simhei.ttf, candidates=['C:\\Users\\lark\\Desktop\\PDF自动填充工具\\config\\fonts\\simhei.ttf', 'C:\\Users\\lark\\Desktop\\PDF自动填充工具\\config\\fonts\\NotoSansCJKsc-Regular.otf', 'C:\\Windows\\Fonts\\simhei.ttf'], metrics=ReportLab.pdfmetrics
2025-11-04 17:14:58 [INFO] src.pdf_processor: 已注册中文字体：SimSun -> C:\Users\lark\Desktop\PDF自动填充工具\config\fonts\simhei.ttf
2025-11-04 17:14:58 [WARNING] src.pdf_processor: PyMuPDF 字体内嵌失败，将使用默认字体（中文可能显示为方块）：'Document' object has no attribute 'insert_font'
2025-11-04 17:14:58 [INFO] src.pdf_processor: PyMuPDF 未能内嵌字体，回退合成路径（ReportLab + PyPDF2）
2025-11-04 17:17:19 [INFO] __main__: 运行环境：PyMuPDF version=1.24.9, Document.insert_font=False
2025-11-04 17:17:19 [INFO] __main__: 字体探测：override=C:\Users\lark\Desktop\PDF自动填充工具\config\fonts\simhei.ttf, preferred=C:\Users\lark\Desktop\PDF自动填充工具\config\fonts\simhei.ttf, candidates=['C:\\Users\\lark\\Desktop\\PDF自动填充工具\\config\\fonts\\simhei.ttf', 'C:\\Users\\lark\\Desktop\\PDF自动填充工具\\config\\fonts\\NotoSansCJKsc-Regular.otf', 'C:\\Windows\\Fonts\\simhei.ttf'], metrics=ReportLab.pdfmetrics
2025-11-04 17:18:22 [INFO] src.pdf_processor: 已注册中文字体：SimSun -> C:\Users\lark\Desktop\PDF自动填充工具\config\fonts\simhei.ttf
2025-11-04 17:18:22 [WARNING] src.pdf_processor: [2001] 未找到关键词：联系电话： (page=0)
2025-11-04 17:18:22 [WARNING] src.pdf_processor: [2001] 关键词未定位：联系电话：
2025-11-04 17:18:22 [WARNING] src.pdf_processor: PyMuPDF 字体内嵌失败，将使用默认字体（中文可能显示为方块）：'Document' object has no attribute 'insert_font'
2025-11-04 17:18:22 [INFO] src.pdf_processor: PyMuPDF 未能内嵌字体，回退合成路径（ReportLab + PyPDF2）
2025-11-04 17:24:04 [INFO] __main__: 运行环境：PyMuPDF version=1.24.9, Document.insert_font=False
2025-11-04 17:24:04 [INFO] __main__: 字体探测：override=C:\Users\lark\Desktop\PDF自动填充工具\config\fonts\simhei.ttf, preferred=C:\Users\lark\Desktop\PDF自动填充工具\config\fonts\simhei.ttf, candidates=['C:\\Users\\lark\\Desktop\\PDF自动填充工具\\config\\fonts\\simhei.ttf', 'C:\\Users\\lark\\Desktop\\PDF自动填充工具\\config\\fonts\\NotoSansCJKsc-Regular.otf', 'C:\\Windows\\Fonts\\simhei.ttf'], metrics=ReportLab.pdfmetrics
2025-11-04 17:24:40 [INFO] src.pdf_processor: 已注册中文字体：SimSun -> C:\Users\lark\Desktop\PDF自动填充工具\config\fonts\simhei.ttf
2025-11-04 17:24:40 [WARNING] src.pdf_processor: PyMuPDF 字体内嵌失败，将使用默认字体（中文可能显示为方块）：'Document' object has no attribute 'insert_font'
2025-11-04 17:24:40 [INFO] src.pdf_processor: PyMuPDF 未能内嵌字体，回退合成路径（ReportLab + PyPDF2）
2025-11-04 17:29:40 [INFO] src.pdf_processor: 已注册中文字体：SimSun -> C:\Users\lark\Desktop\PDF自动填充工具\config\fonts\simhei.ttf
2025-11-04 17:29:40 [WARNING] src.pdf_processor: PyMuPDF 字体内嵌失败，将使用默认字体（中文可能显示为方块）：'Document' object has no attribute 'insert_font'
2025-11-04 17:29:40 [INFO] src.pdf_processor: PyMuPDF 未能内嵌字体，回退合成路径（ReportLab + PyPDF2）
2025-11-04 17:31:49 [INFO] src.pdf_processor: 已注册中文字体：SimSun -> C:\Users\lark\Desktop\PDF自动填充工具\config\fonts\simhei.ttf
2025-11-04 17:31:49 [WARNING] src.pdf_processor: [2001] 未找到关键词：哇棒操蛋 (page=0)
2025-11-04 17:31:49 [WARNING] src.pdf_processor: [2001] 关键词未定位：哇棒操蛋
2025-11-04 17:31:49 [WARNING] src.pdf_processor: [2001] 未找到关键词：SB哇棒 (page=0)
2025-11-04 17:31:49 [WARNING] src.pdf_processor: [2001] 关键词未定位：SB哇棒
2025-11-04 17:31:49 [WARNING] src.pdf_processor: PyMuPDF 字体内嵌失败，将使用默认字体（中文可能显示为方块）：'Document' object has no attribute 'insert_font'
2025-11-04 17:31:49 [INFO] src.pdf_processor: PyMuPDF 未能内嵌字体，回退合成路径（ReportLab + PyPDF2）
2025-11-04 17:32:07 [INFO] src.pdf_processor: 已注册中文字体：SimSun -> C:\Users\lark\Desktop\PDF自动填充工具\config\fonts\simhei.ttf
2025-11-04 17:32:07 [WARNING] src.pdf_processor: [2001] 未找到关键词：哇棒操蛋 (page=0)
2025-11-04 17:32:07 [WARNING] src.pdf_processor: [2001] 关键词未定位：哇棒操蛋
2025-11-04 17:32:07 [WARNING] src.pdf_processor: [2001] 未找到关键词：SB哇棒 (page=0)
2025-11-04 17:32:07 [WARNING] src.pdf_processor: [2001] 关键词未定位：SB哇棒
2025-11-04 17:32:07 [WARNING] src.pdf_processor: PyMuPDF 字体内嵌失败，将使用默认字体（中文可能显示为方块）：'Document' object has no attribute 'insert_font'
2025-11-04 17:32:07 [INFO] src.pdf_processor: PyMuPDF 未能内嵌字体，回退合成路径（ReportLab + PyPDF2）
2025-11-04 17:35:38 [INFO] src.pdf_processor: 已注册中文字体：SimSun -> C:\Users\lark\Desktop\PDF自动填充工具\config\fonts\simhei.ttf
2025-11-04 17:35:38 [WARNING] src.pdf_processor: [2001] 未找到关键词：哇棒操蛋 (page=0)
2025-11-04 17:35:38 [WARNING] src.pdf_processor: [2001] 关键词未定位：哇棒操蛋
2025-11-04 17:35:38 [WARNING] src.pdf_processor: [2001] 未找到关键词：SB哇棒 (page=0)
2025-11-04 17:35:38 [WARNING] src.pdf_processor: [2001] 关键词未定位：SB哇棒
2025-11-04 17:35:38 [WARNING] src.pdf_processor: PyMuPDF 字体内嵌失败，将使用默认字体（中文可能显示为方块）：'Document' object has no attribute 'insert_font'
2025-11-04 17:35:38 [INFO] src.pdf_processor: PyMuPDF 未能内嵌字体，回退合成路径（ReportLab + PyPDF2）
2025-11-04 18:03:16 [INFO] __main__: 运行环境：PyMuPDF version=1.24.9, Document.insert_font=False
2025-11-04 18:03:16 [INFO] __main__: 字体探测：override=C:\Users\lark\Desktop\PDF自动填充工具\config\fonts\simhei.ttf, preferred=C:\Users\lark\Desktop\PDF自动填充工具\config\fonts\simhei.ttf, candidates=['C:\\Users\\lark\\Desktop\\PDF自动填充工具\\config\\fonts\\simhei.ttf', 'C:\\Users\\lark\\Desktop\\PDF自动填充工具\\config\\fonts\\NotoSansCJKsc-Regular.otf', 'C:\\Windows\\Fonts\\simhei.ttf'], metrics=ReportLab.pdfmetrics
2025-11-04 18:15:35 [INFO] __main__: 运行环境：PyMuPDF version=1.24.9, Document.insert_font=False
2025-11-04 18:15:35 [INFO] __main__: 字体探测：override=C:\Users\lark\Desktop\PDF自动填充工具\config\fonts\simhei.ttf, preferred=C:\Users\lark\Desktop\PDF自动填充工具\config\fonts\simhei.ttf, candidates=['C:\\Users\\lark\\Desktop\\PDF自动填充工具\\config\\fonts\\simhei.ttf', 'C:\\Users\\lark\\Desktop\\PDF自动填充工具\\config\\fonts\\NotoSansCJKsc-Regular.otf', 'C:\\Windows\\Fonts\\simhei.ttf'], metrics=ReportLab.pdfmetrics
2025-11-04 18:16:20 [INFO] __main__: 运行环境：PyMuPDF version=1.24.9, Document.insert_font=False
2025-11-04 18:16:20 [INFO] __main__: 字体探测：override=C:\Users\lark\Desktop\PDF自动填充工具\config\fonts\simhei.ttf, preferred=C:\Users\lark\Desktop\PDF自动填充工具\config\fonts\simhei.ttf, candidates=['C:\\Users\\lark\\Desktop\\PDF自动填充工具\\config\\fonts\\simhei.ttf', 'C:\\Users\\lark\\Desktop\\PDF自动填充工具\\config\\fonts\\NotoSansCJKsc-Regular.otf', 'C:\\Windows\\Fonts\\simhei.ttf'], metrics=ReportLab.pdfmetrics
2025-11-04 18:16:20 [INFO] src.pdf_processor: 已注册中文字体：SimSun -> C:\Users\lark\Desktop\PDF自动填充工具\config\fonts\simhei.ttf
2025-11-04 18:16:20 [WARNING] src.pdf_processor: PyMuPDF 字体内嵌失败，将使用默认字体（中文可能显示为方块）：'Document' object has no attribute 'insert_font'
2025-11-04 18:16:20 [INFO] src.pdf_processor: PyMuPDF 未能内嵌字体，回退合成路径（ReportLab + PyPDF2）
2025-11-04 18:21:33 [INFO] __main__: 运行环境：PyMuPDF version=1.24.9, Document.insert_font=False
2025-11-04 18:21:33 [INFO] __main__: 字体探测：override=C:\Users\lark\Desktop\PDF自动填充工具\config\fonts\simhei.ttf, preferred=C:\Users\lark\Desktop\PDF自动填充工具\config\fonts\simhei.ttf, candidates=['C:\\Users\\lark\\Desktop\\PDF自动填充工具\\config\\fonts\\simhei.ttf', 'C:\\Users\\lark\\Desktop\\PDF自动填充工具\\config\\fonts\\NotoSansCJKsc-Regular.otf', 'C:\\Windows\\Fonts\\simhei.ttf'], metrics=ReportLab.pdfmetrics
2025-11-04 18:21:33 [INFO] src.pdf_processor: 已注册中文字体：SimSun -> C:\Users\lark\Desktop\PDF自动填充工具\config\fonts\simhei.ttf
2025-11-04 18:21:33 [WARNING] src.pdf_processor: PyMuPDF 字体内嵌失败，将使用默认字体（中文可能显示为方块）：'Document' object has no attribute 'insert_font'
2025-11-04 18:21:33 [INFO] src.pdf_processor: PyMuPDF 未能内嵌字体，回退合成路径（ReportLab + PyPDF2）
2025-11-04 18:25:14 [INFO] __main__: 运行环境：PyMuPDF version=1.24.9, Document.insert_font=False
2025-11-04 18:25:14 [INFO] __main__: 字体探测：override=C:\Users\lark\Desktop\PDF自动填充工具\config\fonts\simhei.ttf, preferred=C:\Users\lark\Desktop\PDF自动填充工具\config\fonts\simhei.ttf, candidates=['C:\\Users\\lark\\Desktop\\PDF自动填充工具\\config\\fonts\\simhei.ttf', 'C:\\Users\\lark\\Desktop\\PDF自动填充工具\\config\\fonts\\NotoSansCJKsc-Regular.otf', 'C:\\Windows\\Fonts\\simhei.ttf'], metrics=ReportLab.pdfmetrics
2025-11-04 18:25:14 [INFO] src.pdf_processor: 已注册中文字体：SimSun -> C:\Users\lark\Desktop\PDF自动填充工具\config\fonts\simhei.ttf
2025-11-04 18:25:14 [WARNING] src.pdf_processor: PyMuPDF 字体内嵌失败，将使用默认字体（中文可能显示为方块）：'Document' object has no attribute 'insert_font'
2025-11-04 18:25:14 [INFO] src.pdf_processor: PyMuPDF 未能内嵌字体，回退合成路径（ReportLab + PyPDF2）
2025-11-04 18:27:17 [INFO] __main__: 运行环境：PyMuPDF version=1.24.9, Document.insert_font=False
2025-11-04 18:27:17 [INFO] __main__: 字体探测：override=C:\Users\lark\Desktop\PDF自动填充工具\config\fonts\simhei.ttf, preferred=C:\Users\lark\Desktop\PDF自动填充工具\config\fonts\simhei.ttf, candidates=['C:\\Users\\lark\\Desktop\\PDF自动填充工具\\config\\fonts\\simhei.ttf', 'C:\\Users\\lark\\Desktop\\PDF自动填充工具\\config\\fonts\\NotoSansCJKsc-Regular.otf', 'C:\\Windows\\Fonts\\simhei.ttf'], metrics=ReportLab.pdfmetrics
2025-11-04 18:27:17 [INFO] src.pdf_processor: 已注册中文字体：SimSun -> C:\Users\lark\Desktop\PDF自动填充工具\config\fonts\simhei.ttf
2025-11-04 18:27:17 [WARNING] src.pdf_processor: PyMuPDF 字体内嵌失败，将使用默认字体（中文可能显示为方块）：'Document' object has no attribute 'insert_font'
2025-11-04 18:27:17 [INFO] src.pdf_processor: PyMuPDF 未能内嵌字体，回退合成路径（ReportLab + PyPDF2）
2025-11-04 18:28:57 [INFO] __main__: 运行环境：PyMuPDF version=1.24.9, Document.insert_font=False
2025-11-04 18:28:57 [INFO] __main__: 字体探测：override=C:\Users\lark\Desktop\PDF自动填充工具\config\fonts\simhei.ttf, preferred=C:\Users\lark\Desktop\PDF自动填充工具\config\fonts\simhei.ttf, candidates=['C:\\Users\\lark\\Desktop\\PDF自动填充工具\\config\\fonts\\simhei.ttf', 'C:\\Users\\lark\\Desktop\\PDF自动填充工具\\config\\fonts\\NotoSansCJKsc-Regular.otf', 'C:\\Windows\\Fonts\\simhei.ttf'], metrics=ReportLab.pdfmetrics
2025-11-04 18:28:57 [INFO] src.pdf_processor: 已注册中文字体：SimSun -> C:\Users\lark\Desktop\PDF自动填充工具\config\fonts\simhei.ttf
2025-11-04 18:28:57 [WARNING] src.pdf_processor: PyMuPDF 字体内嵌失败，将使用默认字体（中文可能显示为方块）：'Document' object has no attribute 'insert_font'
2025-11-04 18:28:57 [INFO] src.pdf_processor: PyMuPDF 未能内嵌字体，回退合成路径（ReportLab + PyPDF2）
2025-11-04 18:30:29 [INFO] __main__: 运行环境：PyMuPDF version=1.24.9, Document.insert_font=False
2025-11-04 18:30:29 [INFO] __main__: 字体探测：override=C:\Users\lark\Desktop\PDF自动填充工具\config\fonts\simhei.ttf, preferred=C:\Users\lark\Desktop\PDF自动填充工具\config\fonts\simhei.ttf, candidates=['C:\\Users\\lark\\Desktop\\PDF自动填充工具\\config\\fonts\\simhei.ttf', 'C:\\Users\\lark\\Desktop\\PDF自动填充工具\\config\\fonts\\NotoSansCJKsc-Regular.otf', 'C:\\Windows\\Fonts\\simhei.ttf'], metrics=ReportLab.pdfmetrics
2025-11-04 18:30:29 [INFO] src.pdf_processor: 已注册中文字体：SimSun -> C:\Users\lark\Desktop\PDF自动填充工具\config\fonts\simhei.ttf
2025-11-04 18:30:29 [WARNING] src.pdf_processor: PyMuPDF 字体内嵌失败，将使用默认字体（中文可能显示为方块）：'Document' object has no attribute 'insert_font'
2025-11-04 18:30:29 [INFO] src.pdf_processor: PyMuPDF 未能内嵌字体，回退合成路径（ReportLab + PyPDF2）
2025-11-04 18:32:06 [INFO] __main__: 运行环境：PyMuPDF version=1.24.9, Document.insert_font=False
2025-11-04 18:32:06 [INFO] __main__: 字体探测：override=C:\Users\lark\Desktop\PDF自动填充工具\config\fonts\simhei.ttf, preferred=C:\Users\lark\Desktop\PDF自动填充工具\config\fonts\simhei.ttf, candidates=['C:\\Users\\lark\\Desktop\\PDF自动填充工具\\config\\fonts\\simhei.ttf', 'C:\\Users\\lark\\Desktop\\PDF自动填充工具\\config\\fonts\\NotoSansCJKsc-Regular.otf', 'C:\\Windows\\Fonts\\simhei.ttf'], metrics=ReportLab.pdfmetrics
2025-11-04 18:32:06 [INFO] src.pdf_processor: 已注册中文字体：SimSun -> C:\Users\lark\Desktop\PDF自动填充工具\config\fonts\simhei.ttf
2025-11-04 18:32:06 [WARNING] src.pdf_processor: PyMuPDF 字体内嵌失败，将使用默认字体（中文可能显示为方块）：'Document' object has no attribute 'insert_font'
2025-11-04 18:32:06 [INFO] src.pdf_processor: PyMuPDF 未能内嵌字体，回退合成路径（ReportLab + PyPDF2）
2025-11-04 18:36:57 [INFO] __main__: 运行环境：PyMuPDF version=1.24.9, Document.insert_font=False
2025-11-04 18:36:57 [INFO] __main__: 字体探测：override=C:\Users\lark\Desktop\PDF自动填充工具\config\fonts\simhei.ttf, preferred=C:\Users\lark\Desktop\PDF自动填充工具\config\fonts\simhei.ttf, candidates=['C:\\Users\\lark\\Desktop\\PDF自动填充工具\\config\\fonts\\simhei.ttf', 'C:\\Users\\lark\\Desktop\\PDF自动填充工具\\config\\fonts\\NotoSansCJKsc-Regular.otf', 'C:\\Windows\\Fonts\\simhei.ttf'], metrics=ReportLab.pdfmetrics
2025-11-04 18:36:57 [INFO] src.pdf_processor: 已注册中文字体：SimSun -> C:\Users\lark\Desktop\PDF自动填充工具\config\fonts\simhei.ttf
2025-11-04 18:36:57 [WARNING] src.pdf_processor: [2001] 未找到关键词：不存在字段： (page=0)
2025-11-04 18:36:57 [WARNING] src.pdf_processor: [2001] 关键词未定位：不存在字段：
2025-11-04 18:36:57 [WARNING] src.pdf_processor: PyMuPDF 字体内嵌失败，将使用默认字体（中文可能显示为方块）：'Document' object has no attribute 'insert_font'
2025-11-04 18:36:57 [INFO] src.pdf_processor: PyMuPDF 未能内嵌字体，回退合成路径（ReportLab + PyPDF2）
2025-11-04 18:38:10 [INFO] __main__: 运行环境：PyMuPDF version=1.24.9, Document.insert_font=False
2025-11-04 18:38:10 [INFO] __main__: 字体探测：override=C:\Users\lark\Desktop\PDF自动填充工具\config\fonts\simhei.ttf, preferred=C:\Users\lark\Desktop\PDF自动填充工具\config\fonts\simhei.ttf, candidates=['C:\\Users\\lark\\Desktop\\PDF自动填充工具\\config\\fonts\\simhei.ttf', 'C:\\Users\\lark\\Desktop\\PDF自动填充工具\\config\\fonts\\NotoSansCJKsc-Regular.otf', 'C:\\Windows\\Fonts\\simhei.ttf'], metrics=ReportLab.pdfmetrics
2025-11-04 18:38:49 [INFO] src.pdf_processor: 已注册中文字体：SimSun -> C:\Users\lark\Desktop\PDF自动填充工具\config\fonts\simhei.ttf
2025-11-04 18:38:49 [WARNING] src.pdf_processor: [2001] 未找到关键词：不存在字段 (page=0)
2025-11-04 18:38:49 [WARNING] src.pdf_processor: [2001] 关键词未定位：不存在字段
2025-11-04 18:38:49 [WARNING] src.pdf_processor: [2003] 未产生任何绘制计划，可能全部关键词未匹配
2025-11-04 18:38:49 [WARNING] src.pdf_processor: PyMuPDF 字体内嵌失败，将使用默认字体（中文可能显示为方块）：'Document' object has no attribute 'insert_font'
2025-11-04 18:38:49 [INFO] src.pdf_processor: PyMuPDF 未能内嵌字体，回退合成路径（ReportLab + PyPDF2）
2025-11-04 19:21:34 [INFO] __main__: 运行环境：PyMuPDF version=1.24.9, Document.insert_font=False
2025-11-04 19:21:34 [INFO] __main__: 字体探测：override=C:\Users\lark\Desktop\PDF自动填充工具\config\fonts\simhei.ttf, preferred=C:\Users\lark\Desktop\PDF自动填充工具\config\fonts\simhei.ttf, candidates=['C:\\Users\\lark\\Desktop\\PDF自动填充工具\\config\\fonts\\simhei.ttf', 'C:\\Users\\lark\\Desktop\\PDF自动填充工具\\config\\fonts\\NotoSansCJKsc-Regular.otf', 'C:\\Windows\\Fonts\\simhei.ttf'], metrics=ReportLab.pdfmetrics
2025-11-04 19:22:13 [INFO] __main__: 运行环境：PyMuPDF version=1.24.9, Document.insert_font=False
2025-11-04 19:22:13 [INFO] __main__: 字体探测：override=C:\Users\lark\Desktop\PDF自动填充工具\config\fonts\simhei.ttf, preferred=C:\Users\lark\Desktop\PDF自动填充工具\config\fonts\simhei.ttf, candidates=['C:\\Users\\lark\\Desktop\\PDF自动填充工具\\config\\fonts\\simhei.ttf', 'C:\\Users\\lark\\Desktop\\PDF自动填充工具\\config\\fonts\\NotoSansCJKsc-Regular.otf', 'C:\\Windows\\Fonts\\simhei.ttf'], metrics=ReportLab.pdfmetrics
2025-11-04 19:23:32 [INFO] __main__: 运行环境：PyMuPDF version=1.24.9, Document.insert_font=False
2025-11-04 19:23:32 [INFO] __main__: 字体探测：override=C:\Users\lark\Desktop\PDF自动填充工具\config\fonts\simhei.ttf, preferred=C:\Users\lark\Desktop\PDF自动填充工具\config\fonts\simhei.ttf, candidates=['C:\\Users\\lark\\Desktop\\PDF自动填充工具\\config\\fonts\\simhei.ttf', 'C:\\Users\\lark\\Desktop\\PDF自动填充工具\\config\\fonts\\NotoSansCJKsc-Regular.otf', 'C:\\Windows\\Fonts\\simhei.ttf'], metrics=ReportLab.pdfmetrics
2025-11-04 19:23:32 [INFO] src.pdf_processor: 已注册中文字体：SimSun -> C:\Users\lark\Desktop\PDF自动填充工具\config\fonts\simhei.ttf
2025-11-04 19:23:32 [WARNING] src.processors.engines.pymupdf: PyMuPDF 字体内嵌失败，将尝试回退：'Document' object has no attribute 'insert_font'
2025-11-04 19:24:15 [INFO] __main__: 运行环境：PyMuPDF version=1.24.9, Document.insert_font=False
2025-11-04 19:24:15 [INFO] __main__: 字体探测：override=C:\Users\lark\Desktop\PDF自动填充工具\config\fonts\simhei.ttf, preferred=C:\Users\lark\Desktop\PDF自动填充工具\config\fonts\simhei.ttf, candidates=['C:\\Users\\lark\\Desktop\\PDF自动填充工具\\config\\fonts\\simhei.ttf', 'C:\\Users\\lark\\Desktop\\PDF自动填充工具\\config\\fonts\\NotoSansCJKsc-Regular.otf', 'C:\\Windows\\Fonts\\simhei.ttf'], metrics=ReportLab.pdfmetrics
2025-11-04 19:24:15 [INFO] src.pdf_processor: 已注册中文字体：SimSun -> C:\Users\lark\Desktop\PDF自动填充工具\config\fonts\simhei.ttf
2025-11-04 19:24:15 [WARNING] src.pdf_processor: [2001] 未找到关键词：企业名： (page=0)
2025-11-04 19:24:15 [WARNING] src.pdf_processor: [2001] 关键词未定位：企业名：
2025-11-04 19:24:15 [WARNING] src.processors.engines.pymupdf: PyMuPDF 字体内嵌失败，将尝试回退：'Document' object has no attribute 'insert_font'
2025-11-04 19:25:25 [INFO] __main__: 运行环境：PyMuPDF version=1.24.9, Document.insert_font=False
2025-11-04 19:25:25 [INFO] __main__: 字体探测：override=C:\Users\lark\Desktop\PDF自动填充工具\config\fonts\simhei.ttf, preferred=C:\Users\lark\Desktop\PDF自动填充工具\config\fonts\simhei.ttf, candidates=['C:\\Users\\lark\\Desktop\\PDF自动填充工具\\config\\fonts\\simhei.ttf', 'C:\\Users\\lark\\Desktop\\PDF自动填充工具\\config\\fonts\\NotoSansCJKsc-Regular.otf', 'C:\\Windows\\Fonts\\simhei.ttf'], metrics=ReportLab.pdfmetrics
2025-11-04 19:25:36 [INFO] src.ui: GUI 切换模式：expert
2025-11-04 19:26:37 [INFO] src.pdf_processor: 已注册中文字体：SimSun -> C:\Users\lark\Desktop\PDF自动填充工具\config\fonts\simhei.ttf
2025-11-04 19:26:37 [WARNING] src.processors.engines.pymupdf: PyMuPDF 字体内嵌失败，将尝试回退：'Document' object has no attribute 'insert_font'
2025-11-04 19:28:39 [INFO] src.pdf_processor: 已注册中文字体：SimSun -> C:\Users\lark\Desktop\PDF自动填充工具\config\fonts\simhei.ttf
2025-11-04 19:28:39 [WARNING] src.pdf_processor: [2001] 未找到关键词：企业名： (page=0)
2025-11-04 19:28:39 [WARNING] src.pdf_processor: [2001] 关键词未定位：企业名：
2025-11-04 19:28:39 [WARNING] src.processors.engines.pymupdf: PyMuPDF 字体内嵌失败，将尝试回退：'Document' object has no attribute 'insert_font'
2025-11-04 19:29:51 [INFO] src.pdf_processor: 已注册中文字体：SimSun -> C:\Users\lark\Desktop\PDF自动填充工具\config\fonts\simhei.ttf
2025-11-04 19:29:51 [WARNING] src.processors.engines.pymupdf: PyMuPDF 字体内嵌失败，将尝试回退：'Document' object has no attribute 'insert_font'
